<CommonBaseEvent creationTime="2024-10-08T08:42:33.960Z" globalInstanceId="A1EF85514406DB80D6CEE63264356338" msg="RPXE0001W 1 users successfully added" severity="50" version="1.0.1">
	<extendedDataElements name="CommonBaseEventLogRecord:level" type="noValue">
		<children name="CommonBaseEventLogRecord:name" type="string">
			<values>SEVERE</values>
		</children>
		<children name="CommonBaseEventLogRecord:value" type="int">
			<values>1000</values>
		</children>
	</extendedDataElements>
	<extendedDataElements name="CommonBaseEventLogRecord:sequenceNumber" type="long">
		<values>0</values>
	</extendedDataElements>
	<extendedDataElements name="CommonBaseEventLogRecord:threadID" type="int">
		<values>49</values>
	</extendedDataElements>
	<extendedDataElements name="CommonBaseEventLogRecord:loggerName" type="string">
		<values>com.ibm.rational.test.lt.core.logging.PDExecutionLog</values>
	</extendedDataElements>
	<sourceComponentId application="DevOps Test Performance" component="Performance Test Type" componentIdType="Application" executionEnvironment="Java" location="10.30.4.13" locationType="IPV4" subComponent="com.ibm.rational.test.lt.kernel_6.1.0" componentType="Hyades Data Collection Engine Application"/>
	<situation categoryName="ReportSituation">
		<situationType xmlns:xsi="http://www.w3.org/2001/XMLSchema-instance" xsi:type="ReportSituation" reasoningScope="INTERNAL" reportCategory="LOG"/>
	</situation>
</CommonBaseEvent>
<CommonBaseEvent creationTime="2024-10-08T08:43:28.873Z" globalInstanceId="A1EF85516406FF00D6CEE63264356338" msg="HandleException {0}&#xA;org.openqa.selenium.TimeoutException: Expected condition failed: waiting for com.ibm.rational.test.rtw.webgui.selenium.actions.WebDriverJavascriptExecutor$ScriptFunction@262edc80 (tried for 29 second(s) with 500 milliseconds interval)&#xA;Build info: version: &apos;4.1.4&apos;, revision: &apos;535d840ee2&apos;&#xA;System info: host: &apos;STLININF0096&apos;, ip: &apos;10.30.4.13&apos;, os.name: &apos;Windows 11&apos;, os.arch: &apos;amd64&apos;, os.version: &apos;10.0&apos;, java.version: &apos;1.8.0_382&apos;&#xA;Driver info: driver.version: unknown&#xD;&#xA;&#x9;at org.openqa.selenium.support.ui.FluentWait.timeoutException(FluentWait.java:263)&#xD;&#xA;&#x9;at org.openqa.selenium.support.ui.FluentWait.until(FluentWait.java:231)&#xD;&#xA;&#x9;at com.ibm.rational.test.rtw.webgui.selenium.actions.WebDriverJavascriptExecutor.executeAction(WebDriverJavascriptExecutor.java:129)&#xD;&#xA;&#x9;at com.ibm.rational.test.rtw.webgui.selenium.actions.BaseWebDriverAction.execute(BaseWebDriverAction.java:177)&#xD;&#xA;&#x9;at com.ibm.rational.test.rtw.webgui.execution.playback.AbstractActions.executeInternal(AbstractActions.java:104)&#xD;&#xA;&#x9;at com.ibm.rational.test.rtw.webgui.execution.playback.AbstractActions.executeAction(AbstractActions.java:167)&#xD;&#xA;&#x9;at com.ibm.rational.test.rtw.webgui.selenium.WebDriverPlayer.runScript(WebDriverPlayer.java:312)&#xD;&#xA;&#x9;at com.ibm.rational.test.rtw.webgui.playback.js.actions.BaseJSAction.runScriptAndParseResponse(BaseJSAction.java:100)&#xD;&#xA;&#x9;at com.ibm.rational.test.rtw.webgui.playback.js.actions.BaseJSAction.runScriptAndParseResponse(BaseJSAction.java:89)&#xD;&#xA;&#x9;at com.ibm.rational.test.rtw.webgui.playback.js.actions.JSDefaultAction.execute(JSDefaultAction.java:31)&#xD;&#xA;&#x9;at com.ibm.rational.test.rtw.webgui.execution.playback.AbstractActions.executeInternal(AbstractActions.java:104)&#xD;&#xA;&#x9;at com.ibm.rational.test.rtw.webgui.execution.playback.AbstractActions.executeAction(AbstractActions.java:167)&#xD;&#xA;&#x9;at com.ibm.rational.test.rtw.webgui.execution.playback.HybridPlayer.invokeActionInternal(HybridPlayer.java:121)&#xD;&#xA;&#x9;at com.ibm.rational.test.rtw.webgui.execution.playback.HybridPlayer.invokeAction(HybridPlayer.java:112)&#xD;&#xA;&#x9;at com.ibm.rational.test.rtw.webgui.execution.playback.AbstractWebPlayer.executeTestStep(AbstractWebPlayer.java:217)&#xD;&#xA;&#x9;at com.ibm.rational.test.rtw.webgui.execution.PlaybackManager.executeTestStep(PlaybackManager.java:347)&#xD;&#xA;&#x9;at com.ibm.rational.test.rtw.webgui.execution.PlaybackManager.executeTestSteps(PlaybackManager.java:250)&#xD;&#xA;&#x9;at com.ibm.rational.test.rtw.webgui.execution.DesktopBrowserExecution.executeSteps(DesktopBrowserExecution.java:122)&#xD;&#xA;&#x9;at com.ibm.rational.test.lt.execution.moeb.action.MoebStepBatchAction.execute(MoebStepBatchAction.java:300)&#xD;&#xA;&#x9;at com.ibm.rational.test.lt.kernel.action.impl.KAction.executeAction(KAction.java:602)&#xD;&#xA;&#x9;at com.ibm.rational.test.lt.kernel.action.impl.KAction.run(KAction.java:2146)&#xD;&#xA;&#x9;at java.util.concurrent.ThreadPoolExecutor.runWorker(ThreadPoolExecutor.java:1149)&#xD;&#xA;&#x9;at java.util.concurrent.ThreadPoolExecutor$Worker.run(ThreadPoolExecutor.java:624)&#xD;&#xA;&#x9;at java.lang.Thread.run(Thread.java:826)&#xD;&#xA;" severity="50" version="1.0.1">
	<extendedDataElements name="CommonBaseEventLogRecord:level" type="noValue">
		<children name="CommonBaseEventLogRecord:name" type="string">
			<values>SEVERE</values>
		</children>
		<children name="CommonBaseEventLogRecord:value" type="int">
			<values>1000</values>
		</children>
	</extendedDataElements>
	<extendedDataElements name="CommonBaseEventLogRecord:sequenceNumber" type="long">
		<values>9</values>
	</extendedDataElements>
	<extendedDataElements name="CommonBaseEventLogRecord:threadID" type="int">
		<values>49</values>
	</extendedDataElements>
	<extendedDataElements name="CommonBaseEventLogRecord:loggerName" type="string">
		<values>com.ibm.rational.test.lt.core.logging.PDExecutionLog</values>
	</extendedDataElements>
	<extendedDataElements name="CommonBaseEventLogRecord:stackTrace" type="stringArray">
		<values>org.openqa.selenium.TimeoutException: Expected condition failed: waiting for com.ibm.rational.test.rtw.webgui.selenium.actions.WebDriverJavascriptExecutor$ScriptFunction@262edc80 (tried for 29 second(s) with 500 milliseconds interval)&#xA;Build info: version: &apos;4.1.4&apos;, revision: &apos;535d840ee2&apos;&#xA;System info: host: &apos;STLININF0096&apos;, ip: &apos;10.30.4.13&apos;, os.name: &apos;Windows 11&apos;, os.arch: &apos;amd64&apos;, os.version: &apos;10.0&apos;, java.version: &apos;1.8.0_382&apos;&#xA;Driver info: driver.version: unknown</values>
		<values>org.openqa.selenium.support.ui.FluentWait.timeoutException(FluentWait.java:263)</values>
		<values>org.openqa.selenium.support.ui.FluentWait.until(FluentWait.java:231)</values>
		<values>com.ibm.rational.test.rtw.webgui.selenium.actions.WebDriverJavascriptExecutor.executeAction(WebDriverJavascriptExecutor.java:129)</values>
		<values>com.ibm.rational.test.rtw.webgui.selenium.actions.BaseWebDriverAction.execute(BaseWebDriverAction.java:177)</values>
		<values>com.ibm.rational.test.rtw.webgui.execution.playback.AbstractActions.executeInternal(AbstractActions.java:104)</values>
		<values>com.ibm.rational.test.rtw.webgui.execution.playback.AbstractActions.executeAction(AbstractActions.java:167)</values>
		<values>com.ibm.rational.test.rtw.webgui.selenium.WebDriverPlayer.runScript(WebDriverPlayer.java:312)</values>
		<values>com.ibm.rational.test.rtw.webgui.playback.js.actions.BaseJSAction.runScriptAndParseResponse(BaseJSAction.java:100)</values>
		<values>com.ibm.rational.test.rtw.webgui.playback.js.actions.BaseJSAction.runScriptAndParseResponse(BaseJSAction.java:89)</values>
		<values>com.ibm.rational.test.rtw.webgui.playback.js.actions.JSDefaultAction.execute(JSDefaultAction.java:31)</values>
		<values>com.ibm.rational.test.rtw.webgui.execution.playback.AbstractActions.executeInternal(AbstractActions.java:104)</values>
		<values>com.ibm.rational.test.rtw.webgui.execution.playback.AbstractActions.executeAction(AbstractActions.java:167)</values>
		<values>com.ibm.rational.test.rtw.webgui.execution.playback.HybridPlayer.invokeActionInternal(HybridPlayer.java:121)</values>
		<values>com.ibm.rational.test.rtw.webgui.execution.playback.HybridPlayer.invokeAction(HybridPlayer.java:112)</values>
		<values>com.ibm.rational.test.rtw.webgui.execution.playback.AbstractWebPlayer.executeTestStep(AbstractWebPlayer.java:217)</values>
		<values>com.ibm.rational.test.rtw.webgui.execution.PlaybackManager.executeTestStep(PlaybackManager.java:347)</values>
		<values>com.ibm.rational.test.rtw.webgui.execution.PlaybackManager.executeTestSteps(PlaybackManager.java:250)</values>
		<values>com.ibm.rational.test.rtw.webgui.execution.DesktopBrowserExecution.executeSteps(DesktopBrowserExecution.java:122)</values>
		<values>com.ibm.rational.test.lt.execution.moeb.action.MoebStepBatchAction.execute(MoebStepBatchAction.java:300)</values>
		<values>com.ibm.rational.test.lt.kernel.action.impl.KAction.executeAction(KAction.java:602)</values>
		<values>com.ibm.rational.test.lt.kernel.action.impl.KAction.run(KAction.java:2146)</values>
		<values>java.util.concurrent.ThreadPoolExecutor.runWorker(ThreadPoolExecutor.java:1149)</values>
		<values>java.util.concurrent.ThreadPoolExecutor$Worker.run(ThreadPoolExecutor.java:624)</values>
		<values>java.lang.Thread.run(Thread.java:826)</values>
	</extendedDataElements>
	<sourceComponentId application="Test UI Web UI Tester" component="com.ibm.rational.test.rtw.webgui.execution" componentIdType="Functional test Execution" executionEnvironment="Java" location="10.30.4.13" locationType="IPV4" subComponent="com.ibm.rational.test.rtw.webgui.execution" componentType="Desktop Execution"/>
	<situation categoryName="ReportSituation">
		<situationType xmlns:xsi="http://www.w3.org/2001/XMLSchema-instance" xsi:type="ReportSituation" reasoningScope="INTERNAL" reportCategory="LOG"/>
	</situation>
</CommonBaseEvent>
<CommonBaseEvent creationTime="2024-10-08T08:43:29.117Z" globalInstanceId="A1EF8551642B76F0D6CEE63264356338" msg="RPXE0039W User [DefaultUserGroup][000001] experienced exception com.ibm.rational.test.lt.kernel.services.RPTContinueEvent: Playback of UI Action failed, &apos;Continuing&apos;&#xA;in Test Action:&#xA;&#x9;Click on Heading H3 whose Content is Moneycontrol - www.google.com&#xA;&#x9;MoneyControl&#xA;&#x9;DefaultScenario&#xA;&#x9;[DefaultUserGroup][000001]&#xA;&#x9;DefaultUserGroup&#xA;&#x9;DefaultSchedule&#xA;&#x9;Engine&#xA;com.ibm.rational.test.lt.kernel.services.RPTContinueEvent: Playback of UI Action failed, &apos;Continuing&apos;&#xD;&#xA;&#x9;at test.MoneyControl_Test_A1EF855116750E30E144B03866646461.execute(MoneyControl_Test_A1EF855116750E30E144B03866646461.java:74)&#xD;&#xA;&#x9;at com.ibm.rational.test.lt.kernel.action.impl.KAction.executeAction(KAction.java:602)&#xD;&#xA;&#x9;at com.ibm.rational.test.lt.kernel.action.impl.KAction.run(KAction.java:2146)&#xD;&#xA;&#x9;at java.util.concurrent.ThreadPoolExecutor.runWorker(ThreadPoolExecutor.java:1149)&#xD;&#xA;&#x9;at java.util.concurrent.ThreadPoolExecutor$Worker.run(ThreadPoolExecutor.java:624)&#xD;&#xA;&#x9;at java.lang.Thread.run(Thread.java:826)&#xD;&#xA;Caused by: com.ibm.rational.test.lt.kernel.services.RPTContinueEvent: Playback of UI Action failed&#xD;&#xA;&#x9;... 6 more&#xD;&#xA;" severity="50" version="1.0.1">
	<extendedDataElements name="CommonBaseEventLogRecord:level" type="noValue">
		<children name="CommonBaseEventLogRecord:name" type="string">
			<values>SEVERE</values>
		</children>
		<children name="CommonBaseEventLogRecord:value" type="int">
			<values>1000</values>
		</children>
	</extendedDataElements>
	<extendedDataElements name="CommonBaseEventLogRecord:sequenceNumber" type="long">
		<values>10</values>
	</extendedDataElements>
	<extendedDataElements name="CommonBaseEventLogRecord:threadID" type="int">
		<values>49</values>
	</extendedDataElements>
	<extendedDataElements name="CommonBaseEventLogRecord:loggerName" type="string">
		<values>com.ibm.rational.test.lt.core.logging.PDExecutionLog</values>
	</extendedDataElements>
	<extendedDataElements name="CommonBaseEventLogRecord:stackTrace" type="stringArray">
		<values>com.ibm.rational.test.lt.kernel.services.RPTContinueEvent: Playback of UI Action failed, &apos;Continuing&apos;</values>
		<values>test.MoneyControl_Test_A1EF855116750E30E144B03866646461.execute(MoneyControl_Test_A1EF855116750E30E144B03866646461.java:74)</values>
		<values>com.ibm.rational.test.lt.kernel.action.impl.KAction.executeAction(KAction.java:602)</values>
		<values>com.ibm.rational.test.lt.kernel.action.impl.KAction.run(KAction.java:2146)</values>
		<values>java.util.concurrent.ThreadPoolExecutor.runWorker(ThreadPoolExecutor.java:1149)</values>
		<values>java.util.concurrent.ThreadPoolExecutor$Worker.run(ThreadPoolExecutor.java:624)</values>
		<values>java.lang.Thread.run(Thread.java:826)</values>
		<children name="Cause" type="stringArray">
			<values>com.ibm.rational.test.lt.kernel.services.RPTContinueEvent: Playback of UI Action failed</values>
			<values>test.MoneyControl_Test_A1EF855116750E30E144B03866646461.execute(MoneyControl_Test_A1EF855116750E30E144B03866646461.java:74)</values>
			<values>com.ibm.rational.test.lt.kernel.action.impl.KAction.executeAction(KAction.java:602)</values>
			<values>com.ibm.rational.test.lt.kernel.action.impl.KAction.run(KAction.java:2146)</values>
			<values>java.util.concurrent.ThreadPoolExecutor.runWorker(ThreadPoolExecutor.java:1149)</values>
			<values>java.util.concurrent.ThreadPoolExecutor$Worker.run(ThreadPoolExecutor.java:624)</values>
			<values>java.lang.Thread.run(Thread.java:826)</values>
		</children>
	</extendedDataElements>
	<sourceComponentId application="DevOps Test Performance" component="Performance Test Type" componentIdType="Application" executionEnvironment="Java" location="10.30.4.13" locationType="IPV4" subComponent="com.ibm.rational.test.lt.kernel_6.1.0" componentType="Hyades Data Collection Engine Application"/>
	<situation categoryName="ReportSituation">
		<situationType xmlns:xsi="http://www.w3.org/2001/XMLSchema-instance" xsi:type="ReportSituation" reasoningScope="INTERNAL" reportCategory="LOG"/>
	</situation>
</CommonBaseEvent>
<CommonBaseEvent creationTime="2024-10-08T08:43:29.119Z" globalInstanceId="A1EF8551642B9E00D6CEE63264356338" msg="RPXE0039W User [DefaultUserGroup][000001] experienced exception com.ibm.rational.test.lt.kernel.services.RPTContinueEvent: Test verdict was set to fail, &apos;Continuing&apos;&#xA;in Test Action:&#xA;&#x9;Click on Heading H3 whose Content is Moneycontrol - www.google.com&#xA;&#x9;MoneyControl&#xA;&#x9;DefaultScenario&#xA;&#x9;[DefaultUserGroup][000001]&#xA;&#x9;DefaultUserGroup&#xA;&#x9;DefaultSchedule&#xA;&#x9;Engine&#xA;com.ibm.rational.test.lt.kernel.services.RPTContinueEvent: Test verdict was set to fail, &apos;Continuing&apos;&#xD;&#xA;&#x9;at test.MoneyControl_Test_A1EF855116750E30E144B03866646461.execute(MoneyControl_Test_A1EF855116750E30E144B03866646461.java:66)&#xD;&#xA;&#x9;at com.ibm.rational.test.lt.kernel.action.impl.KAction.executeAction(KAction.java:602)&#xD;&#xA;&#x9;at com.ibm.rational.test.lt.kernel.action.impl.KAction.run(KAction.java:2146)&#xD;&#xA;&#x9;at java.util.concurrent.ThreadPoolExecutor.runWorker(ThreadPoolExecutor.java:1149)&#xD;&#xA;&#x9;at java.util.concurrent.ThreadPoolExecutor$Worker.run(ThreadPoolExecutor.java:624)&#xD;&#xA;&#x9;at java.lang.Thread.run(Thread.java:826)&#xD;&#xA;Caused by: com.ibm.rational.test.lt.kernel.services.RPTContinueEvent: Test verdict was set to fail&#xD;&#xA;&#x9;... 6 more&#xD;&#xA;" severity="50" version="1.0.1">
	<extendedDataElements name="CommonBaseEventLogRecord:level" type="noValue">
		<children name="CommonBaseEventLogRecord:name" type="string">
			<values>SEVERE</values>
		</children>
		<children name="CommonBaseEventLogRecord:value" type="int">
			<values>1000</values>
		</children>
	</extendedDataElements>
	<extendedDataElements name="CommonBaseEventLogRecord:sequenceNumber" type="long">
		<values>11</values>
	</extendedDataElements>
	<extendedDataElements name="CommonBaseEventLogRecord:threadID" type="int">
		<values>49</values>
	</extendedDataElements>
	<extendedDataElements name="CommonBaseEventLogRecord:loggerName" type="string">
		<values>com.ibm.rational.test.lt.core.logging.PDExecutionLog</values>
	</extendedDataElements>
	<extendedDataElements name="CommonBaseEventLogRecord:stackTrace" type="stringArray">
		<values>com.ibm.rational.test.lt.kernel.services.RPTContinueEvent: Test verdict was set to fail, &apos;Continuing&apos;</values>
		<values>test.MoneyControl_Test_A1EF855116750E30E144B03866646461.execute(MoneyControl_Test_A1EF855116750E30E144B03866646461.java:66)</values>
		<values>com.ibm.rational.test.lt.kernel.action.impl.KAction.executeAction(KAction.java:602)</values>
		<values>com.ibm.rational.test.lt.kernel.action.impl.KAction.run(KAction.java:2146)</values>
		<values>java.util.concurrent.ThreadPoolExecutor.runWorker(ThreadPoolExecutor.java:1149)</values>
		<values>java.util.concurrent.ThreadPoolExecutor$Worker.run(ThreadPoolExecutor.java:624)</values>
		<values>java.lang.Thread.run(Thread.java:826)</values>
		<children name="Cause" type="stringArray">
			<values>com.ibm.rational.test.lt.kernel.services.RPTContinueEvent: Test verdict was set to fail</values>
			<values>test.MoneyControl_Test_A1EF855116750E30E144B03866646461.execute(MoneyControl_Test_A1EF855116750E30E144B03866646461.java:66)</values>
			<values>com.ibm.rational.test.lt.kernel.action.impl.KAction.executeAction(KAction.java:602)</values>
			<values>com.ibm.rational.test.lt.kernel.action.impl.KAction.run(KAction.java:2146)</values>
			<values>java.util.concurrent.ThreadPoolExecutor.runWorker(ThreadPoolExecutor.java:1149)</values>
			<values>java.util.concurrent.ThreadPoolExecutor$Worker.run(ThreadPoolExecutor.java:624)</values>
			<values>java.lang.Thread.run(Thread.java:826)</values>
		</children>
	</extendedDataElements>
	<sourceComponentId application="DevOps Test Performance" component="Performance Test Type" componentIdType="Application" executionEnvironment="Java" location="10.30.4.13" locationType="IPV4" subComponent="com.ibm.rational.test.lt.kernel_6.1.0" componentType="Hyades Data Collection Engine Application"/>
	<situation categoryName="ReportSituation">
		<situationType xmlns:xsi="http://www.w3.org/2001/XMLSchema-instance" xsi:type="ReportSituation" reasoningScope="INTERNAL" reportCategory="LOG"/>
	</situation>
</CommonBaseEvent>
<CommonBaseEvent creationTime="2024-10-08T08:43:44.722Z" globalInstanceId="A1EF85516D784B20D6CEE63264356338" msg="HandleException {0}&#xA;org.openqa.selenium.TimeoutException: Expected condition failed: waiting for com.ibm.rational.test.rtw.webgui.selenium.actions.WebDriverJavascriptExecutor$ScriptFunction@6690e644 (tried for 13 second(s) with 500 milliseconds interval)&#xA;Build info: version: &apos;4.1.4&apos;, revision: &apos;535d840ee2&apos;&#xA;System info: host: &apos;STLININF0096&apos;, ip: &apos;10.30.4.13&apos;, os.name: &apos;Windows 11&apos;, os.arch: &apos;amd64&apos;, os.version: &apos;10.0&apos;, java.version: &apos;1.8.0_382&apos;&#xA;Driver info: driver.version: unknown&#xD;&#xA;&#x9;at org.openqa.selenium.support.ui.FluentWait.timeoutException(FluentWait.java:263)&#xD;&#xA;&#x9;at org.openqa.selenium.support.ui.FluentWait.until(FluentWait.java:231)&#xD;&#xA;&#x9;at com.ibm.rational.test.rtw.webgui.selenium.actions.WebDriverJavascriptExecutor.executeAction(WebDriverJavascriptExecutor.java:129)&#xD;&#xA;&#x9;at com.ibm.rational.test.rtw.webgui.selenium.actions.BaseWebDriverAction.execute(BaseWebDriverAction.java:177)&#xD;&#xA;&#x9;at com.ibm.rational.test.rtw.webgui.execution.playback.AbstractActions.executeInternal(AbstractActions.java:104)&#xD;&#xA;&#x9;at com.ibm.rational.test.rtw.webgui.execution.playback.AbstractActions.executeAction(AbstractActions.java:167)&#xD;&#xA;&#x9;at com.ibm.rational.test.rtw.webgui.selenium.WebDriverPlayer.runScript(WebDriverPlayer.java:312)&#xD;&#xA;&#x9;at com.ibm.rational.test.rtw.webgui.playback.js.actions.BaseJSAction.runScriptAndParseResponse(BaseJSAction.java:100)&#xD;&#xA;&#x9;at com.ibm.rational.test.rtw.webgui.playback.js.actions.BaseJSAction.runScriptAndParseResponse(BaseJSAction.java:89)&#xD;&#xA;&#x9;at com.ibm.rational.test.rtw.webgui.playback.js.actions.JSDefaultAction.execute(JSDefaultAction.java:31)&#xD;&#xA;&#x9;at com.ibm.rational.test.rtw.webgui.execution.playback.AbstractActions.executeInternal(AbstractActions.java:104)&#xD;&#xA;&#x9;at com.ibm.rational.test.rtw.webgui.execution.playback.AbstractActions.executeAction(AbstractActions.java:167)&#xD;&#xA;&#x9;at com.ibm.rational.test.rtw.webgui.execution.playback.HybridPlayer.invokeActionInternal(HybridPlayer.java:121)&#xD;&#xA;&#x9;at com.ibm.rational.test.rtw.webgui.execution.playback.HybridPlayer.invokeAction(HybridPlayer.java:112)&#xD;&#xA;&#x9;at com.ibm.rational.test.rtw.webgui.execution.playback.AbstractWebPlayer.executeTestStep(AbstractWebPlayer.java:217)&#xD;&#xA;&#x9;at com.ibm.rational.test.rtw.webgui.execution.PlaybackManager.executeTestStep(PlaybackManager.java:347)&#xD;&#xA;&#x9;at com.ibm.rational.test.rtw.webgui.execution.PlaybackManager.executeTestSteps(PlaybackManager.java:250)&#xD;&#xA;&#x9;at com.ibm.rational.test.rtw.webgui.execution.DesktopBrowserExecution.executeSteps(DesktopBrowserExecution.java:122)&#xD;&#xA;&#x9;at com.ibm.rational.test.lt.execution.moeb.action.MoebStepBatchAction.execute(MoebStepBatchAction.java:300)&#xD;&#xA;&#x9;at com.ibm.rational.test.lt.kernel.action.impl.KAction.executeAction(KAction.java:602)&#xD;&#xA;&#x9;at com.ibm.rational.test.lt.kernel.action.impl.KAction.run(KAction.java:2146)&#xD;&#xA;&#x9;at java.util.concurrent.ThreadPoolExecutor.runWorker(ThreadPoolExecutor.java:1149)&#xD;&#xA;&#x9;at java.util.concurrent.ThreadPoolExecutor$Worker.run(ThreadPoolExecutor.java:624)&#xD;&#xA;&#x9;at java.lang.Thread.run(Thread.java:826)&#xD;&#xA;" severity="50" version="1.0.1">
	<extendedDataElements name="CommonBaseEventLogRecord:level" type="noValue">
		<children name="CommonBaseEventLogRecord:name" type="string">
			<values>SEVERE</values>
		</children>
		<children name="CommonBaseEventLogRecord:value" type="int">
			<values>1000</values>
		</children>
	</extendedDataElements>
	<extendedDataElements name="CommonBaseEventLogRecord:sequenceNumber" type="long">
		<values>12</values>
	</extendedDataElements>
	<extendedDataElements name="CommonBaseEventLogRecord:threadID" type="int">
		<values>49</values>
	</extendedDataElements>
	<extendedDataElements name="CommonBaseEventLogRecord:loggerName" type="string">
		<values>com.ibm.rational.test.lt.core.logging.PDExecutionLog</values>
	</extendedDataElements>
	<extendedDataElements name="CommonBaseEventLogRecord:stackTrace" type="stringArray">
		<values>org.openqa.selenium.TimeoutException: Expected condition failed: waiting for com.ibm.rational.test.rtw.webgui.selenium.actions.WebDriverJavascriptExecutor$ScriptFunction@6690e644 (tried for 13 second(s) with 500 milliseconds interval)&#xA;Build info: version: &apos;4.1.4&apos;, revision: &apos;535d840ee2&apos;&#xA;System info: host: &apos;STLININF0096&apos;, ip: &apos;10.30.4.13&apos;, os.name: &apos;Windows 11&apos;, os.arch: &apos;amd64&apos;, os.version: &apos;10.0&apos;, java.version: &apos;1.8.0_382&apos;&#xA;Driver info: driver.version: unknown</values>
		<values>org.openqa.selenium.support.ui.FluentWait.timeoutException(FluentWait.java:263)</values>
		<values>org.openqa.selenium.support.ui.FluentWait.until(FluentWait.java:231)</values>
		<values>com.ibm.rational.test.rtw.webgui.selenium.actions.WebDriverJavascriptExecutor.executeAction(WebDriverJavascriptExecutor.java:129)</values>
		<values>com.ibm.rational.test.rtw.webgui.selenium.actions.BaseWebDriverAction.execute(BaseWebDriverAction.java:177)</values>
		<values>com.ibm.rational.test.rtw.webgui.execution.playback.AbstractActions.executeInternal(AbstractActions.java:104)</values>
		<values>com.ibm.rational.test.rtw.webgui.execution.playback.AbstractActions.executeAction(AbstractActions.java:167)</values>
		<values>com.ibm.rational.test.rtw.webgui.selenium.WebDriverPlayer.runScript(WebDriverPlayer.java:312)</values>
		<values>com.ibm.rational.test.rtw.webgui.playback.js.actions.BaseJSAction.runScriptAndParseResponse(BaseJSAction.java:100)</values>
		<values>com.ibm.rational.test.rtw.webgui.playback.js.actions.BaseJSAction.runScriptAndParseResponse(BaseJSAction.java:89)</values>
		<values>com.ibm.rational.test.rtw.webgui.playback.js.actions.JSDefaultAction.execute(JSDefaultAction.java:31)</values>
		<values>com.ibm.rational.test.rtw.webgui.execution.playback.AbstractActions.executeInternal(AbstractActions.java:104)</values>
		<values>com.ibm.rational.test.rtw.webgui.execution.playback.AbstractActions.executeAction(AbstractActions.java:167)</values>
		<values>com.ibm.rational.test.rtw.webgui.execution.playback.HybridPlayer.invokeActionInternal(HybridPlayer.java:121)</values>
		<values>com.ibm.rational.test.rtw.webgui.execution.playback.HybridPlayer.invokeAction(HybridPlayer.java:112)</values>
		<values>com.ibm.rational.test.rtw.webgui.execution.playback.AbstractWebPlayer.executeTestStep(AbstractWebPlayer.java:217)</values>
		<values>com.ibm.rational.test.rtw.webgui.execution.PlaybackManager.executeTestStep(PlaybackManager.java:347)</values>
		<values>com.ibm.rational.test.rtw.webgui.execution.PlaybackManager.executeTestSteps(PlaybackManager.java:250)</values>
		<values>com.ibm.rational.test.rtw.webgui.execution.DesktopBrowserExecution.executeSteps(DesktopBrowserExecution.java:122)</values>
		<values>com.ibm.rational.test.lt.execution.moeb.action.MoebStepBatchAction.execute(MoebStepBatchAction.java:300)</values>
		<values>com.ibm.rational.test.lt.kernel.action.impl.KAction.executeAction(KAction.java:602)</values>
		<values>com.ibm.rational.test.lt.kernel.action.impl.KAction.run(KAction.java:2146)</values>
		<values>java.util.concurrent.ThreadPoolExecutor.runWorker(ThreadPoolExecutor.java:1149)</values>
		<values>java.util.concurrent.ThreadPoolExecutor$Worker.run(ThreadPoolExecutor.java:624)</values>
		<values>java.lang.Thread.run(Thread.java:826)</values>
	</extendedDataElements>
	<sourceComponentId application="Test UI Web UI Tester" component="com.ibm.rational.test.rtw.webgui.execution" componentIdType="Functional test Execution" executionEnvironment="Java" location="10.30.4.13" locationType="IPV4" subComponent="com.ibm.rational.test.rtw.webgui.execution" componentType="Desktop Execution"/>
	<situation categoryName="ReportSituation">
		<situationType xmlns:xsi="http://www.w3.org/2001/XMLSchema-instance" xsi:type="ReportSituation" reasoningScope="INTERNAL" reportCategory="LOG"/>
	</situation>
</CommonBaseEvent>
<CommonBaseEvent creationTime="2024-10-08T08:43:44.931Z" globalInstanceId="A1EF85516D982F30D6CEE63264356338" msg="RPXE0039W User [DefaultUserGroup][000001] experienced exception com.ibm.rational.test.lt.kernel.services.RPTContinueEvent: Playback of UI Action failed, &apos;Continuing&apos;&#xA;in Test Action:&#xA;&#x9;Click on Hyperlink whose Content is moneycontrol.com - www.google.com&#xA;&#x9;MoneyControl&#xA;&#x9;DefaultScenario&#xA;&#x9;[DefaultUserGroup][000001]&#xA;&#x9;DefaultUserGroup&#xA;&#x9;DefaultSchedule&#xA;&#x9;Engine&#xA;com.ibm.rational.test.lt.kernel.services.RPTContinueEvent: Playback of UI Action failed, &apos;Continuing&apos;&#xD;&#xA;&#x9;at test.MoneyControl_Test_A1EF855116750E30E144B03866646461.execute(MoneyControl_Test_A1EF855116750E30E144B03866646461.java:74)&#xD;&#xA;&#x9;at com.ibm.rational.test.lt.kernel.action.impl.KAction.executeAction(KAction.java:602)&#xD;&#xA;&#x9;at com.ibm.rational.test.lt.kernel.action.impl.KAction.run(KAction.java:2146)&#xD;&#xA;&#x9;at java.util.concurrent.ThreadPoolExecutor.runWorker(ThreadPoolExecutor.java:1149)&#xD;&#xA;&#x9;at java.util.concurrent.ThreadPoolExecutor$Worker.run(ThreadPoolExecutor.java:624)&#xD;&#xA;&#x9;at java.lang.Thread.run(Thread.java:826)&#xD;&#xA;Caused by: com.ibm.rational.test.lt.kernel.services.RPTContinueEvent: Playback of UI Action failed&#xD;&#xA;&#x9;... 6 more&#xD;&#xA;" severity="50" version="1.0.1">
	<extendedDataElements name="CommonBaseEventLogRecord:level" type="noValue">
		<children name="CommonBaseEventLogRecord:name" type="string">
			<values>SEVERE</values>
		</children>
		<children name="CommonBaseEventLogRecord:value" type="int">
			<values>1000</values>
		</children>
	</extendedDataElements>
	<extendedDataElements name="CommonBaseEventLogRecord:sequenceNumber" type="long">
		<values>13</values>
	</extendedDataElements>
	<extendedDataElements name="CommonBaseEventLogRecord:threadID" type="int">
		<values>49</values>
	</extendedDataElements>
	<extendedDataElements name="CommonBaseEventLogRecord:loggerName" type="string">
		<values>com.ibm.rational.test.lt.core.logging.PDExecutionLog</values>
	</extendedDataElements>
	<extendedDataElements name="CommonBaseEventLogRecord:stackTrace" type="stringArray">
		<values>com.ibm.rational.test.lt.kernel.services.RPTContinueEvent: Playback of UI Action failed, &apos;Continuing&apos;</values>
		<values>test.MoneyControl_Test_A1EF855116750E30E144B03866646461.execute(MoneyControl_Test_A1EF855116750E30E144B03866646461.java:74)</values>
		<values>com.ibm.rational.test.lt.kernel.action.impl.KAction.executeAction(KAction.java:602)</values>
		<values>com.ibm.rational.test.lt.kernel.action.impl.KAction.run(KAction.java:2146)</values>
		<values>java.util.concurrent.ThreadPoolExecutor.runWorker(ThreadPoolExecutor.java:1149)</values>
		<values>java.util.concurrent.ThreadPoolExecutor$Worker.run(ThreadPoolExecutor.java:624)</values>
		<values>java.lang.Thread.run(Thread.java:826)</values>
		<children name="Cause" type="stringArray">
			<values>com.ibm.rational.test.lt.kernel.services.RPTContinueEvent: Playback of UI Action failed</values>
			<values>test.MoneyControl_Test_A1EF855116750E30E144B03866646461.execute(MoneyControl_Test_A1EF855116750E30E144B03866646461.java:74)</values>
			<values>com.ibm.rational.test.lt.kernel.action.impl.KAction.executeAction(KAction.java:602)</values>
			<values>com.ibm.rational.test.lt.kernel.action.impl.KAction.run(KAction.java:2146)</values>
			<values>java.util.concurrent.ThreadPoolExecutor.runWorker(ThreadPoolExecutor.java:1149)</values>
			<values>java.util.concurrent.ThreadPoolExecutor$Worker.run(ThreadPoolExecutor.java:624)</values>
			<values>java.lang.Thread.run(Thread.java:826)</values>
		</children>
	</extendedDataElements>
	<sourceComponentId application="DevOps Test Performance" component="Performance Test Type" componentIdType="Application" executionEnvironment="Java" location="10.30.4.13" locationType="IPV4" subComponent="com.ibm.rational.test.lt.kernel_6.1.0" componentType="Hyades Data Collection Engine Application"/>
	<situation categoryName="ReportSituation">
		<situationType xmlns:xsi="http://www.w3.org/2001/XMLSchema-instance" xsi:type="ReportSituation" reasoningScope="INTERNAL" reportCategory="LOG"/>
	</situation>
</CommonBaseEvent>
<CommonBaseEvent creationTime="2024-10-08T08:44:26.947Z" globalInstanceId="A1EF855186A39F50D6CEE63264356338" msg="HandleException {0}&#xA;org.openqa.selenium.TimeoutException: Expected condition failed: waiting for com.ibm.rational.test.rtw.webgui.selenium.actions.WebDriverJavascriptExecutor$ScriptFunction@ef762355 (tried for 39 second(s) with 500 milliseconds interval)&#xA;Build info: version: &apos;4.1.4&apos;, revision: &apos;535d840ee2&apos;&#xA;System info: host: &apos;STLININF0096&apos;, ip: &apos;10.30.4.13&apos;, os.name: &apos;Windows 11&apos;, os.arch: &apos;amd64&apos;, os.version: &apos;10.0&apos;, java.version: &apos;1.8.0_382&apos;&#xA;Driver info: driver.version: unknown&#xD;&#xA;&#x9;at org.openqa.selenium.support.ui.FluentWait.timeoutException(FluentWait.java:263)&#xD;&#xA;&#x9;at org.openqa.selenium.support.ui.FluentWait.until(FluentWait.java:231)&#xD;&#xA;&#x9;at com.ibm.rational.test.rtw.webgui.selenium.actions.WebDriverJavascriptExecutor.executeAction(WebDriverJavascriptExecutor.java:129)&#xD;&#xA;&#x9;at com.ibm.rational.test.rtw.webgui.selenium.actions.BaseWebDriverAction.execute(BaseWebDriverAction.java:177)&#xD;&#xA;&#x9;at com.ibm.rational.test.rtw.webgui.execution.playback.AbstractActions.executeInternal(AbstractActions.java:104)&#xD;&#xA;&#x9;at com.ibm.rational.test.rtw.webgui.execution.playback.AbstractActions.executeAction(AbstractActions.java:167)&#xD;&#xA;&#x9;at com.ibm.rational.test.rtw.webgui.selenium.WebDriverPlayer.runScript(WebDriverPlayer.java:312)&#xD;&#xA;&#x9;at com.ibm.rational.test.rtw.webgui.playback.js.actions.BaseJSAction.runScriptAndParseResponse(BaseJSAction.java:100)&#xD;&#xA;&#x9;at com.ibm.rational.test.rtw.webgui.playback.js.actions.BaseJSAction.runScriptAndParseResponse(BaseJSAction.java:89)&#xD;&#xA;&#x9;at com.ibm.rational.test.rtw.webgui.playback.js.actions.JSDefaultAction.execute(JSDefaultAction.java:31)&#xD;&#xA;&#x9;at com.ibm.rational.test.rtw.webgui.execution.playback.AbstractActions.executeInternal(AbstractActions.java:104)&#xD;&#xA;&#x9;at com.ibm.rational.test.rtw.webgui.execution.playback.AbstractActions.executeAction(AbstractActions.java:167)&#xD;&#xA;&#x9;at com.ibm.rational.test.rtw.webgui.execution.playback.HybridPlayer.invokeActionInternal(HybridPlayer.java:121)&#xD;&#xA;&#x9;at com.ibm.rational.test.rtw.webgui.execution.playback.HybridPlayer.invokeAction(HybridPlayer.java:112)&#xD;&#xA;&#x9;at com.ibm.rational.test.rtw.webgui.execution.playback.AbstractWebPlayer.executeTestStep(AbstractWebPlayer.java:217)&#xD;&#xA;&#x9;at com.ibm.rational.test.rtw.webgui.execution.PlaybackManager.executeTestStep(PlaybackManager.java:347)&#xD;&#xA;&#x9;at com.ibm.rational.test.rtw.webgui.execution.PlaybackManager.executeTestSteps(PlaybackManager.java:250)&#xD;&#xA;&#x9;at com.ibm.rational.test.rtw.webgui.execution.DesktopBrowserExecution.executeSteps(DesktopBrowserExecution.java:122)&#xD;&#xA;&#x9;at com.ibm.rational.test.lt.execution.moeb.action.MoebStepBatchAction.execute(MoebStepBatchAction.java:300)&#xD;&#xA;&#x9;at com.ibm.rational.test.lt.kernel.action.impl.KAction.executeAction(KAction.java:602)&#xD;&#xA;&#x9;at com.ibm.rational.test.lt.kernel.action.impl.KAction.run(KAction.java:2146)&#xD;&#xA;&#x9;at java.util.concurrent.ThreadPoolExecutor.runWorker(ThreadPoolExecutor.java:1149)&#xD;&#xA;&#x9;at java.util.concurrent.ThreadPoolExecutor$Worker.run(ThreadPoolExecutor.java:624)&#xD;&#xA;&#x9;at java.lang.Thread.run(Thread.java:826)&#xD;&#xA;" severity="50" version="1.0.1">
	<extendedDataElements name="CommonBaseEventLogRecord:level" type="noValue">
		<children name="CommonBaseEventLogRecord:name" type="string">
			<values>SEVERE</values>
		</children>
		<children name="CommonBaseEventLogRecord:value" type="int">
			<values>1000</values>
		</children>
	</extendedDataElements>
	<extendedDataElements name="CommonBaseEventLogRecord:sequenceNumber" type="long">
		<values>14</values>
	</extendedDataElements>
	<extendedDataElements name="CommonBaseEventLogRecord:threadID" type="int">
		<values>49</values>
	</extendedDataElements>
	<extendedDataElements name="CommonBaseEventLogRecord:loggerName" type="string">
		<values>com.ibm.rational.test.lt.core.logging.PDExecutionLog</values>
	</extendedDataElements>
	<extendedDataElements name="CommonBaseEventLogRecord:stackTrace" type="stringArray">
		<values>org.openqa.selenium.TimeoutException: Expected condition failed: waiting for com.ibm.rational.test.rtw.webgui.selenium.actions.WebDriverJavascriptExecutor$ScriptFunction@ef762355 (tried for 39 second(s) with 500 milliseconds interval)&#xA;Build info: version: &apos;4.1.4&apos;, revision: &apos;535d840ee2&apos;&#xA;System info: host: &apos;STLININF0096&apos;, ip: &apos;10.30.4.13&apos;, os.name: &apos;Windows 11&apos;, os.arch: &apos;amd64&apos;, os.version: &apos;10.0&apos;, java.version: &apos;1.8.0_382&apos;&#xA;Driver info: driver.version: unknown</values>
		<values>org.openqa.selenium.support.ui.FluentWait.timeoutException(FluentWait.java:263)</values>
		<values>org.openqa.selenium.support.ui.FluentWait.until(FluentWait.java:231)</values>
		<values>com.ibm.rational.test.rtw.webgui.selenium.actions.WebDriverJavascriptExecutor.executeAction(WebDriverJavascriptExecutor.java:129)</values>
		<values>com.ibm.rational.test.rtw.webgui.selenium.actions.BaseWebDriverAction.execute(BaseWebDriverAction.java:177)</values>
		<values>com.ibm.rational.test.rtw.webgui.execution.playback.AbstractActions.executeInternal(AbstractActions.java:104)</values>
		<values>com.ibm.rational.test.rtw.webgui.execution.playback.AbstractActions.executeAction(AbstractActions.java:167)</values>
		<values>com.ibm.rational.test.rtw.webgui.selenium.WebDriverPlayer.runScript(WebDriverPlayer.java:312)</values>
		<values>com.ibm.rational.test.rtw.webgui.playback.js.actions.BaseJSAction.runScriptAndParseResponse(BaseJSAction.java:100)</values>
		<values>com.ibm.rational.test.rtw.webgui.playback.js.actions.BaseJSAction.runScriptAndParseResponse(BaseJSAction.java:89)</values>
		<values>com.ibm.rational.test.rtw.webgui.playback.js.actions.JSDefaultAction.execute(JSDefaultAction.java:31)</values>
		<values>com.ibm.rational.test.rtw.webgui.execution.playback.AbstractActions.executeInternal(AbstractActions.java:104)</values>
		<values>com.ibm.rational.test.rtw.webgui.execution.playback.AbstractActions.executeAction(AbstractActions.java:167)</values>
		<values>com.ibm.rational.test.rtw.webgui.execution.playback.HybridPlayer.invokeActionInternal(HybridPlayer.java:121)</values>
		<values>com.ibm.rational.test.rtw.webgui.execution.playback.HybridPlayer.invokeAction(HybridPlayer.java:112)</values>
		<values>com.ibm.rational.test.rtw.webgui.execution.playback.AbstractWebPlayer.executeTestStep(AbstractWebPlayer.java:217)</values>
		<values>com.ibm.rational.test.rtw.webgui.execution.PlaybackManager.executeTestStep(PlaybackManager.java:347)</values>
		<values>com.ibm.rational.test.rtw.webgui.execution.PlaybackManager.executeTestSteps(PlaybackManager.java:250)</values>
		<values>com.ibm.rational.test.rtw.webgui.execution.DesktopBrowserExecution.executeSteps(DesktopBrowserExecution.java:122)</values>
		<values>com.ibm.rational.test.lt.execution.moeb.action.MoebStepBatchAction.execute(MoebStepBatchAction.java:300)</values>
		<values>com.ibm.rational.test.lt.kernel.action.impl.KAction.executeAction(KAction.java:602)</values>
		<values>com.ibm.rational.test.lt.kernel.action.impl.KAction.run(KAction.java:2146)</values>
		<values>java.util.concurrent.ThreadPoolExecutor.runWorker(ThreadPoolExecutor.java:1149)</values>
		<values>java.util.concurrent.ThreadPoolExecutor$Worker.run(ThreadPoolExecutor.java:624)</values>
		<values>java.lang.Thread.run(Thread.java:826)</values>
	</extendedDataElements>
	<sourceComponentId application="Test UI Web UI Tester" component="com.ibm.rational.test.rtw.webgui.execution" componentIdType="Functional test Execution" executionEnvironment="Java" location="10.30.4.13" locationType="IPV4" subComponent="com.ibm.rational.test.rtw.webgui.execution" componentType="Desktop Execution"/>
	<situation categoryName="ReportSituation">
		<situationType xmlns:xsi="http://www.w3.org/2001/XMLSchema-instance" xsi:type="ReportSituation" reasoningScope="INTERNAL" reportCategory="LOG"/>
	</situation>
</CommonBaseEvent>
<CommonBaseEvent creationTime="2024-10-08T08:44:27.543Z" globalInstanceId="A1EF85518701C4E0D6CEE63264356338" msg="RPXE0039W User [DefaultUserGroup][000001] experienced exception com.ibm.rational.test.lt.kernel.services.RPTContinueEvent: Playback of UI Action failed, &apos;Continuing&apos;&#xA;in Test Action:&#xA;&#x9;Click on Hyperlink whose Content is Technical located at position 1 - www.google.com&#xA;&#x9;MoneyControl&#xA;&#x9;DefaultScenario&#xA;&#x9;[DefaultUserGroup][000001]&#xA;&#x9;DefaultUserGroup&#xA;&#x9;DefaultSchedule&#xA;&#x9;Engine&#xA;com.ibm.rational.test.lt.kernel.services.RPTContinueEvent: Playback of UI Action failed, &apos;Continuing&apos;&#xD;&#xA;&#x9;at test.MoneyControl_Test_A1EF855116750E30E144B03866646461.execute(MoneyControl_Test_A1EF855116750E30E144B03866646461.java:74)&#xD;&#xA;&#x9;at com.ibm.rational.test.lt.kernel.action.impl.KAction.executeAction(KAction.java:602)&#xD;&#xA;&#x9;at com.ibm.rational.test.lt.kernel.action.impl.KAction.run(KAction.java:2146)&#xD;&#xA;&#x9;at java.util.concurrent.ThreadPoolExecutor.runWorker(ThreadPoolExecutor.java:1149)&#xD;&#xA;&#x9;at java.util.concurrent.ThreadPoolExecutor$Worker.run(ThreadPoolExecutor.java:624)&#xD;&#xA;&#x9;at java.lang.Thread.run(Thread.java:826)&#xD;&#xA;Caused by: com.ibm.rational.test.lt.kernel.services.RPTContinueEvent: Playback of UI Action failed&#xD;&#xA;&#x9;... 6 more&#xD;&#xA;" severity="50" version="1.0.1">
	<extendedDataElements name="CommonBaseEventLogRecord:level" type="noValue">
		<children name="CommonBaseEventLogRecord:name" type="string">
			<values>SEVERE</values>
		</children>
		<children name="CommonBaseEventLogRecord:value" type="int">
			<values>1000</values>
		</children>
	</extendedDataElements>
	<extendedDataElements name="CommonBaseEventLogRecord:sequenceNumber" type="long">
		<values>15</values>
	</extendedDataElements>
	<extendedDataElements name="CommonBaseEventLogRecord:threadID" type="int">
		<values>49</values>
	</extendedDataElements>
	<extendedDataElements name="CommonBaseEventLogRecord:loggerName" type="string">
		<values>com.ibm.rational.test.lt.core.logging.PDExecutionLog</values>
	</extendedDataElements>
	<extendedDataElements name="CommonBaseEventLogRecord:stackTrace" type="stringArray">
		<values>com.ibm.rational.test.lt.kernel.services.RPTContinueEvent: Playback of UI Action failed, &apos;Continuing&apos;</values>
		<values>test.MoneyControl_Test_A1EF855116750E30E144B03866646461.execute(MoneyControl_Test_A1EF855116750E30E144B03866646461.java:74)</values>
		<values>com.ibm.rational.test.lt.kernel.action.impl.KAction.executeAction(KAction.java:602)</values>
		<values>com.ibm.rational.test.lt.kernel.action.impl.KAction.run(KAction.java:2146)</values>
		<values>java.util.concurrent.ThreadPoolExecutor.runWorker(ThreadPoolExecutor.java:1149)</values>
		<values>java.util.concurrent.ThreadPoolExecutor$Worker.run(ThreadPoolExecutor.java:624)</values>
		<values>java.lang.Thread.run(Thread.java:826)</values>
		<children name="Cause" type="stringArray">
			<values>com.ibm.rational.test.lt.kernel.services.RPTContinueEvent: Playback of UI Action failed</values>
			<values>test.MoneyControl_Test_A1EF855116750E30E144B03866646461.execute(MoneyControl_Test_A1EF855116750E30E144B03866646461.java:74)</values>
			<values>com.ibm.rational.test.lt.kernel.action.impl.KAction.executeAction(KAction.java:602)</values>
			<values>com.ibm.rational.test.lt.kernel.action.impl.KAction.run(KAction.java:2146)</values>
			<values>java.util.concurrent.ThreadPoolExecutor.runWorker(ThreadPoolExecutor.java:1149)</values>
			<values>java.util.concurrent.ThreadPoolExecutor$Worker.run(ThreadPoolExecutor.java:624)</values>
			<values>java.lang.Thread.run(Thread.java:826)</values>
		</children>
	</extendedDataElements>
	<sourceComponentId application="DevOps Test Performance" component="Performance Test Type" componentIdType="Application" executionEnvironment="Java" location="10.30.4.13" locationType="IPV4" subComponent="com.ibm.rational.test.lt.kernel_6.1.0" componentType="Hyades Data Collection Engine Application"/>
	<situation categoryName="ReportSituation">
		<situationType xmlns:xsi="http://www.w3.org/2001/XMLSchema-instance" xsi:type="ReportSituation" reasoningScope="INTERNAL" reportCategory="LOG"/>
	</situation>
</CommonBaseEvent>
<CommonBaseEvent creationTime="2024-10-08T08:44:38.483Z" globalInstanceId="A1EF85518D839230D6CEE63264356338" msg="HandleException {0}&#xA;org.openqa.selenium.TimeoutException: Expected condition failed: waiting for com.ibm.rational.test.rtw.webgui.selenium.actions.WebDriverJavascriptExecutor$ScriptFunction@7e1fb6ac (tried for 10 second(s) with 500 milliseconds interval)&#xA;Build info: version: &apos;4.1.4&apos;, revision: &apos;535d840ee2&apos;&#xA;System info: host: &apos;STLININF0096&apos;, ip: &apos;10.30.4.13&apos;, os.name: &apos;Windows 11&apos;, os.arch: &apos;amd64&apos;, os.version: &apos;10.0&apos;, java.version: &apos;1.8.0_382&apos;&#xA;Driver info: driver.version: unknown&#xD;&#xA;&#x9;at org.openqa.selenium.support.ui.FluentWait.timeoutException(FluentWait.java:263)&#xD;&#xA;&#x9;at org.openqa.selenium.support.ui.FluentWait.until(FluentWait.java:231)&#xD;&#xA;&#x9;at com.ibm.rational.test.rtw.webgui.selenium.actions.WebDriverJavascriptExecutor.executeAction(WebDriverJavascriptExecutor.java:129)&#xD;&#xA;&#x9;at com.ibm.rational.test.rtw.webgui.selenium.actions.BaseWebDriverAction.execute(BaseWebDriverAction.java:177)&#xD;&#xA;&#x9;at com.ibm.rational.test.rtw.webgui.execution.playback.AbstractActions.executeInternal(AbstractActions.java:104)&#xD;&#xA;&#x9;at com.ibm.rational.test.rtw.webgui.execution.playback.AbstractActions.executeAction(AbstractActions.java:167)&#xD;&#xA;&#x9;at com.ibm.rational.test.rtw.webgui.selenium.WebDriverPlayer.runScript(WebDriverPlayer.java:312)&#xD;&#xA;&#x9;at com.ibm.rational.test.rtw.webgui.playback.js.actions.BaseJSAction.runScriptAndParseResponse(BaseJSAction.java:100)&#xD;&#xA;&#x9;at com.ibm.rational.test.rtw.webgui.playback.js.actions.BaseJSAction.runScriptAndParseResponse(BaseJSAction.java:89)&#xD;&#xA;&#x9;at com.ibm.rational.test.rtw.webgui.playback.js.actions.JSDefaultAction.execute(JSDefaultAction.java:31)&#xD;&#xA;&#x9;at com.ibm.rational.test.rtw.webgui.execution.playback.AbstractActions.executeInternal(AbstractActions.java:104)&#xD;&#xA;&#x9;at com.ibm.rational.test.rtw.webgui.execution.playback.AbstractActions.executeAction(AbstractActions.java:167)&#xD;&#xA;&#x9;at com.ibm.rational.test.rtw.webgui.execution.playback.HybridPlayer.invokeActionInternal(HybridPlayer.java:121)&#xD;&#xA;&#x9;at com.ibm.rational.test.rtw.webgui.execution.playback.HybridPlayer.invokeAction(HybridPlayer.java:112)&#xD;&#xA;&#x9;at com.ibm.rational.test.rtw.webgui.execution.playback.AbstractWebPlayer.executeTestStep(AbstractWebPlayer.java:217)&#xD;&#xA;&#x9;at com.ibm.rational.test.rtw.webgui.execution.PlaybackManager.executeTestStep(PlaybackManager.java:347)&#xD;&#xA;&#x9;at com.ibm.rational.test.rtw.webgui.execution.PlaybackManager.executeTestSteps(PlaybackManager.java:250)&#xD;&#xA;&#x9;at com.ibm.rational.test.rtw.webgui.execution.DesktopBrowserExecution.executeSteps(DesktopBrowserExecution.java:122)&#xD;&#xA;&#x9;at com.ibm.rational.test.lt.execution.moeb.action.MoebStepBatchAction.execute(MoebStepBatchAction.java:300)&#xD;&#xA;&#x9;at com.ibm.rational.test.lt.kernel.action.impl.KAction.executeAction(KAction.java:602)&#xD;&#xA;&#x9;at com.ibm.rational.test.lt.kernel.action.impl.KAction.run(KAction.java:2146)&#xD;&#xA;&#x9;at java.util.concurrent.ThreadPoolExecutor.runWorker(ThreadPoolExecutor.java:1149)&#xD;&#xA;&#x9;at java.util.concurrent.ThreadPoolExecutor$Worker.run(ThreadPoolExecutor.java:624)&#xD;&#xA;&#x9;at java.lang.Thread.run(Thread.java:826)&#xD;&#xA;" severity="50" version="1.0.1">
	<extendedDataElements name="CommonBaseEventLogRecord:level" type="noValue">
		<children name="CommonBaseEventLogRecord:name" type="string">
			<values>SEVERE</values>
		</children>
		<children name="CommonBaseEventLogRecord:value" type="int">
			<values>1000</values>
		</children>
	</extendedDataElements>
	<extendedDataElements name="CommonBaseEventLogRecord:sequenceNumber" type="long">
		<values>16</values>
	</extendedDataElements>
	<extendedDataElements name="CommonBaseEventLogRecord:threadID" type="int">
		<values>49</values>
	</extendedDataElements>
	<extendedDataElements name="CommonBaseEventLogRecord:loggerName" type="string">
		<values>com.ibm.rational.test.lt.core.logging.PDExecutionLog</values>
	</extendedDataElements>
	<extendedDataElements name="CommonBaseEventLogRecord:stackTrace" type="stringArray">
		<values>org.openqa.selenium.TimeoutException: Expected condition failed: waiting for com.ibm.rational.test.rtw.webgui.selenium.actions.WebDriverJavascriptExecutor$ScriptFunction@7e1fb6ac (tried for 10 second(s) with 500 milliseconds interval)&#xA;Build info: version: &apos;4.1.4&apos;, revision: &apos;535d840ee2&apos;&#xA;System info: host: &apos;STLININF0096&apos;, ip: &apos;10.30.4.13&apos;, os.name: &apos;Windows 11&apos;, os.arch: &apos;amd64&apos;, os.version: &apos;10.0&apos;, java.version: &apos;1.8.0_382&apos;&#xA;Driver info: driver.version: unknown</values>
		<values>org.openqa.selenium.support.ui.FluentWait.timeoutException(FluentWait.java:263)</values>
		<values>org.openqa.selenium.support.ui.FluentWait.until(FluentWait.java:231)</values>
		<values>com.ibm.rational.test.rtw.webgui.selenium.actions.WebDriverJavascriptExecutor.executeAction(WebDriverJavascriptExecutor.java:129)</values>
		<values>com.ibm.rational.test.rtw.webgui.selenium.actions.BaseWebDriverAction.execute(BaseWebDriverAction.java:177)</values>
		<values>com.ibm.rational.test.rtw.webgui.execution.playback.AbstractActions.executeInternal(AbstractActions.java:104)</values>
		<values>com.ibm.rational.test.rtw.webgui.execution.playback.AbstractActions.executeAction(AbstractActions.java:167)</values>
		<values>com.ibm.rational.test.rtw.webgui.selenium.WebDriverPlayer.runScript(WebDriverPlayer.java:312)</values>
		<values>com.ibm.rational.test.rtw.webgui.playback.js.actions.BaseJSAction.runScriptAndParseResponse(BaseJSAction.java:100)</values>
		<values>com.ibm.rational.test.rtw.webgui.playback.js.actions.BaseJSAction.runScriptAndParseResponse(BaseJSAction.java:89)</values>
		<values>com.ibm.rational.test.rtw.webgui.playback.js.actions.JSDefaultAction.execute(JSDefaultAction.java:31)</values>
		<values>com.ibm.rational.test.rtw.webgui.execution.playback.AbstractActions.executeInternal(AbstractActions.java:104)</values>
		<values>com.ibm.rational.test.rtw.webgui.execution.playback.AbstractActions.executeAction(AbstractActions.java:167)</values>
		<values>com.ibm.rational.test.rtw.webgui.execution.playback.HybridPlayer.invokeActionInternal(HybridPlayer.java:121)</values>
		<values>com.ibm.rational.test.rtw.webgui.execution.playback.HybridPlayer.invokeAction(HybridPlayer.java:112)</values>
		<values>com.ibm.rational.test.rtw.webgui.execution.playback.AbstractWebPlayer.executeTestStep(AbstractWebPlayer.java:217)</values>
		<values>com.ibm.rational.test.rtw.webgui.execution.PlaybackManager.executeTestStep(PlaybackManager.java:347)</values>
		<values>com.ibm.rational.test.rtw.webgui.execution.PlaybackManager.executeTestSteps(PlaybackManager.java:250)</values>
		<values>com.ibm.rational.test.rtw.webgui.execution.DesktopBrowserExecution.executeSteps(DesktopBrowserExecution.java:122)</values>
		<values>com.ibm.rational.test.lt.execution.moeb.action.MoebStepBatchAction.execute(MoebStepBatchAction.java:300)</values>
		<values>com.ibm.rational.test.lt.kernel.action.impl.KAction.executeAction(KAction.java:602)</values>
		<values>com.ibm.rational.test.lt.kernel.action.impl.KAction.run(KAction.java:2146)</values>
		<values>java.util.concurrent.ThreadPoolExecutor.runWorker(ThreadPoolExecutor.java:1149)</values>
		<values>java.util.concurrent.ThreadPoolExecutor$Worker.run(ThreadPoolExecutor.java:624)</values>
		<values>java.lang.Thread.run(Thread.java:826)</values>
	</extendedDataElements>
	<sourceComponentId application="Test UI Web UI Tester" component="com.ibm.rational.test.rtw.webgui.execution" componentIdType="Functional test Execution" executionEnvironment="Java" location="10.30.4.13" locationType="IPV4" subComponent="com.ibm.rational.test.rtw.webgui.execution" componentType="Desktop Execution"/>
	<situation categoryName="ReportSituation">
		<situationType xmlns:xsi="http://www.w3.org/2001/XMLSchema-instance" xsi:type="ReportSituation" reasoningScope="INTERNAL" reportCategory="LOG"/>
	</situation>
</CommonBaseEvent>
<CommonBaseEvent creationTime="2024-10-08T08:44:38.884Z" globalInstanceId="A1EF85518DC0C240D6CEE63264356338" msg="RPXE0039W User [DefaultUserGroup][000001] experienced exception com.ibm.rational.test.lt.kernel.services.RPTContinueEvent: Playback of UI Action failed, &apos;Continuing&apos;&#xA;in Test Action:&#xA;&#x9;Click on Hyperlink whose Content is Performance located at position 1 - www.google.com&#xA;&#x9;MoneyControl&#xA;&#x9;DefaultScenario&#xA;&#x9;[DefaultUserGroup][000001]&#xA;&#x9;DefaultUserGroup&#xA;&#x9;DefaultSchedule&#xA;&#x9;Engine&#xA;com.ibm.rational.test.lt.kernel.services.RPTContinueEvent: Playback of UI Action failed, &apos;Continuing&apos;&#xD;&#xA;&#x9;at test.MoneyControl_Test_A1EF855116750E30E144B03866646461.execute(MoneyControl_Test_A1EF855116750E30E144B03866646461.java:74)&#xD;&#xA;&#x9;at com.ibm.rational.test.lt.kernel.action.impl.KAction.executeAction(KAction.java:602)&#xD;&#xA;&#x9;at com.ibm.rational.test.lt.kernel.action.impl.KAction.run(KAction.java:2146)&#xD;&#xA;&#x9;at java.util.concurrent.ThreadPoolExecutor.runWorker(ThreadPoolExecutor.java:1149)&#xD;&#xA;&#x9;at java.util.concurrent.ThreadPoolExecutor$Worker.run(ThreadPoolExecutor.java:624)&#xD;&#xA;&#x9;at java.lang.Thread.run(Thread.java:826)&#xD;&#xA;Caused by: com.ibm.rational.test.lt.kernel.services.RPTContinueEvent: Playback of UI Action failed&#xD;&#xA;&#x9;... 6 more&#xD;&#xA;" severity="50" version="1.0.1">
	<extendedDataElements name="CommonBaseEventLogRecord:level" type="noValue">
		<children name="CommonBaseEventLogRecord:name" type="string">
			<values>SEVERE</values>
		</children>
		<children name="CommonBaseEventLogRecord:value" type="int">
			<values>1000</values>
		</children>
	</extendedDataElements>
	<extendedDataElements name="CommonBaseEventLogRecord:sequenceNumber" type="long">
		<values>17</values>
	</extendedDataElements>
	<extendedDataElements name="CommonBaseEventLogRecord:threadID" type="int">
		<values>49</values>
	</extendedDataElements>
	<extendedDataElements name="CommonBaseEventLogRecord:loggerName" type="string">
		<values>com.ibm.rational.test.lt.core.logging.PDExecutionLog</values>
	</extendedDataElements>
	<extendedDataElements name="CommonBaseEventLogRecord:stackTrace" type="stringArray">
		<values>com.ibm.rational.test.lt.kernel.services.RPTContinueEvent: Playback of UI Action failed, &apos;Continuing&apos;</values>
		<values>test.MoneyControl_Test_A1EF855116750E30E144B03866646461.execute(MoneyControl_Test_A1EF855116750E30E144B03866646461.java:74)</values>
		<values>com.ibm.rational.test.lt.kernel.action.impl.KAction.executeAction(KAction.java:602)</values>
		<values>com.ibm.rational.test.lt.kernel.action.impl.KAction.run(KAction.java:2146)</values>
		<values>java.util.concurrent.ThreadPoolExecutor.runWorker(ThreadPoolExecutor.java:1149)</values>
		<values>java.util.concurrent.ThreadPoolExecutor$Worker.run(ThreadPoolExecutor.java:624)</values>
		<values>java.lang.Thread.run(Thread.java:826)</values>
		<children name="Cause" type="stringArray">
			<values>com.ibm.rational.test.lt.kernel.services.RPTContinueEvent: Playback of UI Action failed</values>
			<values>test.MoneyControl_Test_A1EF855116750E30E144B03866646461.execute(MoneyControl_Test_A1EF855116750E30E144B03866646461.java:74)</values>
			<values>com.ibm.rational.test.lt.kernel.action.impl.KAction.executeAction(KAction.java:602)</values>
			<values>com.ibm.rational.test.lt.kernel.action.impl.KAction.run(KAction.java:2146)</values>
			<values>java.util.concurrent.ThreadPoolExecutor.runWorker(ThreadPoolExecutor.java:1149)</values>
			<values>java.util.concurrent.ThreadPoolExecutor$Worker.run(ThreadPoolExecutor.java:624)</values>
			<values>java.lang.Thread.run(Thread.java:826)</values>
		</children>
	</extendedDataElements>
	<sourceComponentId application="DevOps Test Performance" component="Performance Test Type" componentIdType="Application" executionEnvironment="Java" location="10.30.4.13" locationType="IPV4" subComponent="com.ibm.rational.test.lt.kernel_6.1.0" componentType="Hyades Data Collection Engine Application"/>
	<situation categoryName="ReportSituation">
		<situationType xmlns:xsi="http://www.w3.org/2001/XMLSchema-instance" xsi:type="ReportSituation" reasoningScope="INTERNAL" reportCategory="LOG"/>
	</situation>
</CommonBaseEvent>
<CommonBaseEvent creationTime="2024-10-08T08:44:49.580Z" globalInstanceId="A1EF85519420D6C0D6CEE63264356338" msg="HandleException {0}&#xA;org.openqa.selenium.TimeoutException: Expected condition failed: waiting for com.ibm.rational.test.rtw.webgui.selenium.actions.WebDriverJavascriptExecutor$ScriptFunction@f5410635 (tried for 10 second(s) with 500 milliseconds interval)&#xA;Build info: version: &apos;4.1.4&apos;, revision: &apos;535d840ee2&apos;&#xA;System info: host: &apos;STLININF0096&apos;, ip: &apos;10.30.4.13&apos;, os.name: &apos;Windows 11&apos;, os.arch: &apos;amd64&apos;, os.version: &apos;10.0&apos;, java.version: &apos;1.8.0_382&apos;&#xA;Driver info: driver.version: unknown&#xD;&#xA;&#x9;at org.openqa.selenium.support.ui.FluentWait.timeoutException(FluentWait.java:263)&#xD;&#xA;&#x9;at org.openqa.selenium.support.ui.FluentWait.until(FluentWait.java:231)&#xD;&#xA;&#x9;at com.ibm.rational.test.rtw.webgui.selenium.actions.WebDriverJavascriptExecutor.executeAction(WebDriverJavascriptExecutor.java:129)&#xD;&#xA;&#x9;at com.ibm.rational.test.rtw.webgui.selenium.actions.BaseWebDriverAction.execute(BaseWebDriverAction.java:177)&#xD;&#xA;&#x9;at com.ibm.rational.test.rtw.webgui.execution.playback.AbstractActions.executeInternal(AbstractActions.java:104)&#xD;&#xA;&#x9;at com.ibm.rational.test.rtw.webgui.execution.playback.AbstractActions.executeAction(AbstractActions.java:167)&#xD;&#xA;&#x9;at com.ibm.rational.test.rtw.webgui.selenium.WebDriverPlayer.runScript(WebDriverPlayer.java:312)&#xD;&#xA;&#x9;at com.ibm.rational.test.rtw.webgui.playback.js.actions.BaseJSAction.runScriptAndParseResponse(BaseJSAction.java:100)&#xD;&#xA;&#x9;at com.ibm.rational.test.rtw.webgui.playback.js.actions.BaseJSAction.runScriptAndParseResponse(BaseJSAction.java:89)&#xD;&#xA;&#x9;at com.ibm.rational.test.rtw.webgui.playback.js.actions.JSDefaultAction.execute(JSDefaultAction.java:31)&#xD;&#xA;&#x9;at com.ibm.rational.test.rtw.webgui.execution.playback.AbstractActions.executeInternal(AbstractActions.java:104)&#xD;&#xA;&#x9;at com.ibm.rational.test.rtw.webgui.execution.playback.AbstractActions.executeAction(AbstractActions.java:167)&#xD;&#xA;&#x9;at com.ibm.rational.test.rtw.webgui.execution.playback.HybridPlayer.invokeActionInternal(HybridPlayer.java:121)&#xD;&#xA;&#x9;at com.ibm.rational.test.rtw.webgui.execution.playback.HybridPlayer.invokeAction(HybridPlayer.java:112)&#xD;&#xA;&#x9;at com.ibm.rational.test.rtw.webgui.execution.playback.AbstractWebPlayer.executeTestStep(AbstractWebPlayer.java:217)&#xD;&#xA;&#x9;at com.ibm.rational.test.rtw.webgui.execution.PlaybackManager.executeTestStep(PlaybackManager.java:347)&#xD;&#xA;&#x9;at com.ibm.rational.test.rtw.webgui.execution.PlaybackManager.executeTestSteps(PlaybackManager.java:250)&#xD;&#xA;&#x9;at com.ibm.rational.test.rtw.webgui.execution.DesktopBrowserExecution.executeSteps(DesktopBrowserExecution.java:122)&#xD;&#xA;&#x9;at com.ibm.rational.test.lt.execution.moeb.action.MoebStepBatchAction.execute(MoebStepBatchAction.java:300)&#xD;&#xA;&#x9;at com.ibm.rational.test.lt.kernel.action.impl.KAction.executeAction(KAction.java:602)&#xD;&#xA;&#x9;at com.ibm.rational.test.lt.kernel.action.impl.KAction.run(KAction.java:2146)&#xD;&#xA;&#x9;at java.util.concurrent.ThreadPoolExecutor.runWorker(ThreadPoolExecutor.java:1149)&#xD;&#xA;&#x9;at java.util.concurrent.ThreadPoolExecutor$Worker.run(ThreadPoolExecutor.java:624)&#xD;&#xA;&#x9;at java.lang.Thread.run(Thread.java:826)&#xD;&#xA;" severity="50" version="1.0.1">
	<extendedDataElements name="CommonBaseEventLogRecord:level" type="noValue">
		<children name="CommonBaseEventLogRecord:name" type="string">
			<values>SEVERE</values>
		</children>
		<children name="CommonBaseEventLogRecord:value" type="int">
			<values>1000</values>
		</children>
	</extendedDataElements>
	<extendedDataElements name="CommonBaseEventLogRecord:sequenceNumber" type="long">
		<values>18</values>
	</extendedDataElements>
	<extendedDataElements name="CommonBaseEventLogRecord:threadID" type="int">
		<values>49</values>
	</extendedDataElements>
	<extendedDataElements name="CommonBaseEventLogRecord:loggerName" type="string">
		<values>com.ibm.rational.test.lt.core.logging.PDExecutionLog</values>
	</extendedDataElements>
	<extendedDataElements name="CommonBaseEventLogRecord:stackTrace" type="stringArray">
		<values>org.openqa.selenium.TimeoutException: Expected condition failed: waiting for com.ibm.rational.test.rtw.webgui.selenium.actions.WebDriverJavascriptExecutor$ScriptFunction@f5410635 (tried for 10 second(s) with 500 milliseconds interval)&#xA;Build info: version: &apos;4.1.4&apos;, revision: &apos;535d840ee2&apos;&#xA;System info: host: &apos;STLININF0096&apos;, ip: &apos;10.30.4.13&apos;, os.name: &apos;Windows 11&apos;, os.arch: &apos;amd64&apos;, os.version: &apos;10.0&apos;, java.version: &apos;1.8.0_382&apos;&#xA;Driver info: driver.version: unknown</values>
		<values>org.openqa.selenium.support.ui.FluentWait.timeoutException(FluentWait.java:263)</values>
		<values>org.openqa.selenium.support.ui.FluentWait.until(FluentWait.java:231)</values>
		<values>com.ibm.rational.test.rtw.webgui.selenium.actions.WebDriverJavascriptExecutor.executeAction(WebDriverJavascriptExecutor.java:129)</values>
		<values>com.ibm.rational.test.rtw.webgui.selenium.actions.BaseWebDriverAction.execute(BaseWebDriverAction.java:177)</values>
		<values>com.ibm.rational.test.rtw.webgui.execution.playback.AbstractActions.executeInternal(AbstractActions.java:104)</values>
		<values>com.ibm.rational.test.rtw.webgui.execution.playback.AbstractActions.executeAction(AbstractActions.java:167)</values>
		<values>com.ibm.rational.test.rtw.webgui.selenium.WebDriverPlayer.runScript(WebDriverPlayer.java:312)</values>
		<values>com.ibm.rational.test.rtw.webgui.playback.js.actions.BaseJSAction.runScriptAndParseResponse(BaseJSAction.java:100)</values>
		<values>com.ibm.rational.test.rtw.webgui.playback.js.actions.BaseJSAction.runScriptAndParseResponse(BaseJSAction.java:89)</values>
		<values>com.ibm.rational.test.rtw.webgui.playback.js.actions.JSDefaultAction.execute(JSDefaultAction.java:31)</values>
		<values>com.ibm.rational.test.rtw.webgui.execution.playback.AbstractActions.executeInternal(AbstractActions.java:104)</values>
		<values>com.ibm.rational.test.rtw.webgui.execution.playback.AbstractActions.executeAction(AbstractActions.java:167)</values>
		<values>com.ibm.rational.test.rtw.webgui.execution.playback.HybridPlayer.invokeActionInternal(HybridPlayer.java:121)</values>
		<values>com.ibm.rational.test.rtw.webgui.execution.playback.HybridPlayer.invokeAction(HybridPlayer.java:112)</values>
		<values>com.ibm.rational.test.rtw.webgui.execution.playback.AbstractWebPlayer.executeTestStep(AbstractWebPlayer.java:217)</values>
		<values>com.ibm.rational.test.rtw.webgui.execution.PlaybackManager.executeTestStep(PlaybackManager.java:347)</values>
		<values>com.ibm.rational.test.rtw.webgui.execution.PlaybackManager.executeTestSteps(PlaybackManager.java:250)</values>
		<values>com.ibm.rational.test.rtw.webgui.execution.DesktopBrowserExecution.executeSteps(DesktopBrowserExecution.java:122)</values>
		<values>com.ibm.rational.test.lt.execution.moeb.action.MoebStepBatchAction.execute(MoebStepBatchAction.java:300)</values>
		<values>com.ibm.rational.test.lt.kernel.action.impl.KAction.executeAction(KAction.java:602)</values>
		<values>com.ibm.rational.test.lt.kernel.action.impl.KAction.run(KAction.java:2146)</values>
		<values>java.util.concurrent.ThreadPoolExecutor.runWorker(ThreadPoolExecutor.java:1149)</values>
		<values>java.util.concurrent.ThreadPoolExecutor$Worker.run(ThreadPoolExecutor.java:624)</values>
		<values>java.lang.Thread.run(Thread.java:826)</values>
	</extendedDataElements>
	<sourceComponentId application="Test UI Web UI Tester" component="com.ibm.rational.test.rtw.webgui.execution" componentIdType="Functional test Execution" executionEnvironment="Java" location="10.30.4.13" locationType="IPV4" subComponent="com.ibm.rational.test.rtw.webgui.execution" componentType="Desktop Execution"/>
	<situation categoryName="ReportSituation">
		<situationType xmlns:xsi="http://www.w3.org/2001/XMLSchema-instance" xsi:type="ReportSituation" reasoningScope="INTERNAL" reportCategory="LOG"/>
	</situation>
</CommonBaseEvent>
<CommonBaseEvent creationTime="2024-10-08T08:44:49.983Z" globalInstanceId="A1EF8551945E7C00D6CEE63264356338" msg="RPXE0039W User [DefaultUserGroup][000001] experienced exception com.ibm.rational.test.lt.kernel.services.RPTContinueEvent: Playback of UI Action failed, &apos;Continuing&apos;&#xA;in Test Action:&#xA;&#x9;Click on Hyperlink whose Content is Pivot Level located at position 1 - www.google.com&#xA;&#x9;MoneyControl&#xA;&#x9;DefaultScenario&#xA;&#x9;[DefaultUserGroup][000001]&#xA;&#x9;DefaultUserGroup&#xA;&#x9;DefaultSchedule&#xA;&#x9;Engine&#xA;com.ibm.rational.test.lt.kernel.services.RPTContinueEvent: Playback of UI Action failed, &apos;Continuing&apos;&#xD;&#xA;&#x9;at test.MoneyControl_Test_A1EF855116750E30E144B03866646461.execute(MoneyControl_Test_A1EF855116750E30E144B03866646461.java:74)&#xD;&#xA;&#x9;at com.ibm.rational.test.lt.kernel.action.impl.KAction.executeAction(KAction.java:602)&#xD;&#xA;&#x9;at com.ibm.rational.test.lt.kernel.action.impl.KAction.run(KAction.java:2146)&#xD;&#xA;&#x9;at java.util.concurrent.ThreadPoolExecutor.runWorker(ThreadPoolExecutor.java:1149)&#xD;&#xA;&#x9;at java.util.concurrent.ThreadPoolExecutor$Worker.run(ThreadPoolExecutor.java:624)&#xD;&#xA;&#x9;at java.lang.Thread.run(Thread.java:826)&#xD;&#xA;Caused by: com.ibm.rational.test.lt.kernel.services.RPTContinueEvent: Playback of UI Action failed&#xD;&#xA;&#x9;... 6 more&#xD;&#xA;" severity="50" version="1.0.1">
	<extendedDataElements name="CommonBaseEventLogRecord:level" type="noValue">
		<children name="CommonBaseEventLogRecord:name" type="string">
			<values>SEVERE</values>
		</children>
		<children name="CommonBaseEventLogRecord:value" type="int">
			<values>1000</values>
		</children>
	</extendedDataElements>
	<extendedDataElements name="CommonBaseEventLogRecord:sequenceNumber" type="long">
		<values>19</values>
	</extendedDataElements>
	<extendedDataElements name="CommonBaseEventLogRecord:threadID" type="int">
		<values>49</values>
	</extendedDataElements>
	<extendedDataElements name="CommonBaseEventLogRecord:loggerName" type="string">
		<values>com.ibm.rational.test.lt.core.logging.PDExecutionLog</values>
	</extendedDataElements>
	<extendedDataElements name="CommonBaseEventLogRecord:stackTrace" type="stringArray">
		<values>com.ibm.rational.test.lt.kernel.services.RPTContinueEvent: Playback of UI Action failed, &apos;Continuing&apos;</values>
		<values>test.MoneyControl_Test_A1EF855116750E30E144B03866646461.execute(MoneyControl_Test_A1EF855116750E30E144B03866646461.java:74)</values>
		<values>com.ibm.rational.test.lt.kernel.action.impl.KAction.executeAction(KAction.java:602)</values>
		<values>com.ibm.rational.test.lt.kernel.action.impl.KAction.run(KAction.java:2146)</values>
		<values>java.util.concurrent.ThreadPoolExecutor.runWorker(ThreadPoolExecutor.java:1149)</values>
		<values>java.util.concurrent.ThreadPoolExecutor$Worker.run(ThreadPoolExecutor.java:624)</values>
		<values>java.lang.Thread.run(Thread.java:826)</values>
		<children name="Cause" type="stringArray">
			<values>com.ibm.rational.test.lt.kernel.services.RPTContinueEvent: Playback of UI Action failed</values>
			<values>test.MoneyControl_Test_A1EF855116750E30E144B03866646461.execute(MoneyControl_Test_A1EF855116750E30E144B03866646461.java:74)</values>
			<values>com.ibm.rational.test.lt.kernel.action.impl.KAction.executeAction(KAction.java:602)</values>
			<values>com.ibm.rational.test.lt.kernel.action.impl.KAction.run(KAction.java:2146)</values>
			<values>java.util.concurrent.ThreadPoolExecutor.runWorker(ThreadPoolExecutor.java:1149)</values>
			<values>java.util.concurrent.ThreadPoolExecutor$Worker.run(ThreadPoolExecutor.java:624)</values>
			<values>java.lang.Thread.run(Thread.java:826)</values>
		</children>
	</extendedDataElements>
	<sourceComponentId application="DevOps Test Performance" component="Performance Test Type" componentIdType="Application" executionEnvironment="Java" location="10.30.4.13" locationType="IPV4" subComponent="com.ibm.rational.test.lt.kernel_6.1.0" componentType="Hyades Data Collection Engine Application"/>
	<situation categoryName="ReportSituation">
		<situationType xmlns:xsi="http://www.w3.org/2001/XMLSchema-instance" xsi:type="ReportSituation" reasoningScope="INTERNAL" reportCategory="LOG"/>
	</situation>
</CommonBaseEvent>
<CommonBaseEvent creationTime="2024-10-08T08:45:02.411Z" msg="Unable to kill process java.lang.ProcessImpl@add3ec29" severity="50" version="1.0.1">
	<extendedDataElements name="CommonBaseEventLogRecord:sequenceNumber" type="long">
		<values>20</values>
	</extendedDataElements>
	<extendedDataElements name="CommonBaseEventLogRecord:threadID" type="int">
		<values>53</values>
	</extendedDataElements>
	<extendedDataElements name="CommonBaseEventLogRecord:level" type="noValue">
		<children name="CommonBaseEventLogRecord:name" type="string">
			<values>SEVERE</values>
		</children>
		<children name="CommonBaseEventLogRecord:value" type="int">
			<values>1000</values>
		</children>
	</extendedDataElements>
	<extendedDataElements name="CommonBaseEventLogRecord:loggerName" type="string">
		<values>org.openqa.selenium.os.OsProcess</values>
	</extendedDataElements>
	<extendedDataElements name="CommonBaseEventLogRecord:sourceClassName" type="string">
		<values>org.openqa.selenium.os.OsProcess</values>
	</extendedDataElements>
	<extendedDataElements name="CommonBaseEventLogRecord:sourceMethodName" type="string">
		<values>destroy</values>
	</extendedDataElements>
	<sourceComponentId component="Logging" componentIdType="Application" executionEnvironment="Java" location="10.30.4.13" locationType="IPV4" subComponent="Logger" componentType="Logging_Application"/>
	<situation categoryName="ReportSituation">
		<situationType xmlns:xsi="http://www.w3.org/2001/XMLSchema-instance" xsi:type="ReportSituation" reasoningScope="INTERNAL" reportCategory="LOG"/>
	</situation>
</CommonBaseEvent>
<CommonBaseEvent creationTime="2024-10-08T08:45:07.441Z" msg="Failed to shutdown Driver Command Executor" severity="50" version="1.0.1">
	<extendedDataElements name="CommonBaseEventLogRecord:sequenceNumber" type="long">
		<values>21</values>
	</extendedDataElements>
	<extendedDataElements name="CommonBaseEventLogRecord:threadID" type="int">
		<values>53</values>
	</extendedDataElements>
	<extendedDataElements name="CommonBaseEventLogRecord:level" type="noValue">
		<children name="CommonBaseEventLogRecord:name" type="string">
			<values>WARNING</values>
		</children>
		<children name="CommonBaseEventLogRecord:value" type="int">
			<values>900</values>
		</children>
	</extendedDataElements>
	<extendedDataElements name="CommonBaseEventLogRecord:loggerName" type="string">
		<values>org.openqa.selenium.concurrent.ExecutorServices</values>
	</extendedDataElements>
	<extendedDataElements name="CommonBaseEventLogRecord:sourceClassName" type="string">
		<values>org.openqa.selenium.concurrent.ExecutorServices</values>
	</extendedDataElements>
	<extendedDataElements name="CommonBaseEventLogRecord:sourceMethodName" type="string">
		<values>shutdownGracefully</values>
	</extendedDataElements>
	<sourceComponentId component="Logging" componentIdType="Application" executionEnvironment="Java" location="10.30.4.13" locationType="IPV4" subComponent="Logger" componentType="Logging_Application"/>
	<situation categoryName="ReportSituation">
		<situationType xmlns:xsi="http://www.w3.org/2001/XMLSchema-instance" xsi:type="ReportSituation" reasoningScope="INTERNAL" reportCategory="LOG"/>
	</situation>
</CommonBaseEvent>
<CommonBaseEvent creationTime="2024-10-08T08:45:09.337Z" globalInstanceId="A1EF85519FE78490D6CEE63264356338" msg="RPXE0001W 7.7.300 Engine STOP reason Unknown" severity="50" version="1.0.1">
	<extendedDataElements name="CommonBaseEventLogRecord:level" type="noValue">
		<children name="CommonBaseEventLogRecord:name" type="string">
			<values>SEVERE</values>
		</children>
		<children name="CommonBaseEventLogRecord:value" type="int">
			<values>1000</values>
		</children>
	</extendedDataElements>
	<extendedDataElements name="CommonBaseEventLogRecord:sequenceNumber" type="long">
		<values>24</values>
	</extendedDataElements>
	<extendedDataElements name="CommonBaseEventLogRecord:threadID" type="int">
		<values>49</values>
	</extendedDataElements>
	<extendedDataElements name="CommonBaseEventLogRecord:loggerName" type="string">
		<values>com.ibm.rational.test.lt.core.logging.PDExecutionLog</values>
	</extendedDataElements>
	<sourceComponentId application="DevOps Test Performance" component="Performance Test Type" componentIdType="Application" executionEnvironment="Java" location="10.30.4.13" locationType="IPV4" subComponent="com.ibm.rational.test.lt.kernel_6.1.0" componentType="Hyades Data Collection Engine Application"/>
	<situation categoryName="ReportSituation">
		<situationType xmlns:xsi="http://www.w3.org/2001/XMLSchema-instance" xsi:type="ReportSituation" reasoningScope="INTERNAL" reportCategory="LOG"/>
	</situation>
</CommonBaseEvent>
<CommonBaseEvent creationTime="2024-10-08T08:45:09.337Z" globalInstanceId="A1EF85519FE7ABA0D6CEE63264356338" msg="RPXE0001W Problem Determination Log Statistics" severity="50" version="1.0.1">
	<extendedDataElements name="CommonBaseEventLogRecord:level" type="noValue">
		<children name="CommonBaseEventLogRecord:name" type="string">
			<values>SEVERE</values>
		</children>
		<children name="CommonBaseEventLogRecord:value" type="int">
			<values>1000</values>
		</children>
	</extendedDataElements>
	<extendedDataElements name="CommonBaseEventLogRecord:sequenceNumber" type="long">
		<values>25</values>
	</extendedDataElements>
	<extendedDataElements name="CommonBaseEventLogRecord:threadID" type="int">
		<values>49</values>
	</extendedDataElements>
	<extendedDataElements name="CommonBaseEventLogRecord:loggerName" type="string">
		<values>com.ibm.rational.test.lt.core.logging.PDExecutionLog</values>
	</extendedDataElements>
	<sourceComponentId application="DevOps Test Performance" component="Performance Test Type" componentIdType="Application" executionEnvironment="Java" location="10.30.4.13" locationType="IPV4" subComponent="com.ibm.rational.test.lt.kernel_6.1.0" componentType="Hyades Data Collection Engine Application"/>
	<situation categoryName="ReportSituation">
		<situationType xmlns:xsi="http://www.w3.org/2001/XMLSchema-instance" xsi:type="ReportSituation" reasoningScope="INTERNAL" reportCategory="LOG"/>
	</situation>
</CommonBaseEvent>
<CommonBaseEvent creationTime="2024-10-08T08:45:09.337Z" globalInstanceId="A1EF85519FE7D2B0D6CEE63264356338" msg="RPXE0001W PDLog rejected=0" severity="50" version="1.0.1">
	<extendedDataElements name="CommonBaseEventLogRecord:level" type="noValue">
		<children name="CommonBaseEventLogRecord:name" type="string">
			<values>SEVERE</values>
		</children>
		<children name="CommonBaseEventLogRecord:value" type="int">
			<values>1000</values>
		</children>
	</extendedDataElements>
	<extendedDataElements name="CommonBaseEventLogRecord:sequenceNumber" type="long">
		<values>26</values>
	</extendedDataElements>
	<extendedDataElements name="CommonBaseEventLogRecord:threadID" type="int">
		<values>49</values>
	</extendedDataElements>
	<extendedDataElements name="CommonBaseEventLogRecord:loggerName" type="string">
		<values>com.ibm.rational.test.lt.core.logging.PDExecutionLog</values>
	</extendedDataElements>
	<sourceComponentId application="DevOps Test Performance" component="Performance Test Type" componentIdType="Application" executionEnvironment="Java" location="10.30.4.13" locationType="IPV4" subComponent="com.ibm.rational.test.lt.kernel_6.1.0" componentType="Hyades Data Collection Engine Application"/>
	<situation categoryName="ReportSituation">
		<situationType xmlns:xsi="http://www.w3.org/2001/XMLSchema-instance" xsi:type="ReportSituation" reasoningScope="INTERNAL" reportCategory="LOG"/>
	</situation>
</CommonBaseEvent>
<CommonBaseEvent creationTime="2024-10-08T08:45:09.340Z" globalInstanceId="A1EF85519FE7F9C0D6CEE63264356338" msg="RPXE0001W BREW actions completed = 25" severity="50" version="1.0.1">
	<extendedDataElements name="CommonBaseEventLogRecord:level" type="noValue">
		<children name="CommonBaseEventLogRecord:name" type="string">
			<values>SEVERE</values>
		</children>
		<children name="CommonBaseEventLogRecord:value" type="int">
			<values>1000</values>
		</children>
	</extendedDataElements>
	<extendedDataElements name="CommonBaseEventLogRecord:sequenceNumber" type="long">
		<values>27</values>
	</extendedDataElements>
	<extendedDataElements name="CommonBaseEventLogRecord:threadID" type="int">
		<values>49</values>
	</extendedDataElements>
	<extendedDataElements name="CommonBaseEventLogRecord:loggerName" type="string">
		<values>com.ibm.rational.test.lt.core.logging.PDExecutionLog</values>
	</extendedDataElements>
	<sourceComponentId application="DevOps Test Performance" component="Performance Test Type" componentIdType="Application" executionEnvironment="Java" location="10.30.4.13" locationType="IPV4" subComponent="com.ibm.rational.test.lt.kernel_6.1.0" componentType="Hyades Data Collection Engine Application"/>
	<situation categoryName="ReportSituation">
		<situationType xmlns:xsi="http://www.w3.org/2001/XMLSchema-instance" xsi:type="ReportSituation" reasoningScope="INTERNAL" reportCategory="LOG"/>
	</situation>
</CommonBaseEvent>
<CommonBaseEvent creationTime="2024-10-08T08:45:09.340Z" globalInstanceId="A1EF85519FE7F9C1D6CEE63264356338" msg="RPXE0001W BREW largest pool size = 10" severity="50" version="1.0.1">
	<extendedDataElements name="CommonBaseEventLogRecord:level" type="noValue">
		<children name="CommonBaseEventLogRecord:name" type="string">
			<values>SEVERE</values>
		</children>
		<children name="CommonBaseEventLogRecord:value" type="int">
			<values>1000</values>
		</children>
	</extendedDataElements>
	<extendedDataElements name="CommonBaseEventLogRecord:sequenceNumber" type="long">
		<values>28</values>
	</extendedDataElements>
	<extendedDataElements name="CommonBaseEventLogRecord:threadID" type="int">
		<values>49</values>
	</extendedDataElements>
	<extendedDataElements name="CommonBaseEventLogRecord:loggerName" type="string">
		<values>com.ibm.rational.test.lt.core.logging.PDExecutionLog</values>
	</extendedDataElements>
	<sourceComponentId application="DevOps Test Performance" component="Performance Test Type" componentIdType="Application" executionEnvironment="Java" location="10.30.4.13" locationType="IPV4" subComponent="com.ibm.rational.test.lt.kernel_6.1.0" componentType="Hyades Data Collection Engine Application"/>
	<situation categoryName="ReportSituation">
		<situationType xmlns:xsi="http://www.w3.org/2001/XMLSchema-instance" xsi:type="ReportSituation" reasoningScope="INTERNAL" reportCategory="LOG"/>
	</situation>
</CommonBaseEvent>
<CommonBaseEvent creationTime="2024-10-08T08:45:09.340Z" globalInstanceId="A1EF85519FE7F9C2D6CEE63264356338" msg="RPXE0001W Engine STOP commencing worker finalizers" severity="50" version="1.0.1">
	<extendedDataElements name="CommonBaseEventLogRecord:level" type="noValue">
		<children name="CommonBaseEventLogRecord:name" type="string">
			<values>SEVERE</values>
		</children>
		<children name="CommonBaseEventLogRecord:value" type="int">
			<values>1000</values>
		</children>
	</extendedDataElements>
	<extendedDataElements name="CommonBaseEventLogRecord:sequenceNumber" type="long">
		<values>29</values>
	</extendedDataElements>
	<extendedDataElements name="CommonBaseEventLogRecord:threadID" type="int">
		<values>49</values>
	</extendedDataElements>
	<extendedDataElements name="CommonBaseEventLogRecord:loggerName" type="string">
		<values>com.ibm.rational.test.lt.core.logging.PDExecutionLog</values>
	</extendedDataElements>
	<sourceComponentId application="DevOps Test Performance" component="Performance Test Type" componentIdType="Application" executionEnvironment="Java" location="10.30.4.13" locationType="IPV4" subComponent="com.ibm.rational.test.lt.kernel_6.1.0" componentType="Hyades Data Collection Engine Application"/>
	<situation categoryName="ReportSituation">
		<situationType xmlns:xsi="http://www.w3.org/2001/XMLSchema-instance" xsi:type="ReportSituation" reasoningScope="INTERNAL" reportCategory="LOG"/>
	</situation>
</CommonBaseEvent>
<CommonBaseEvent creationTime="2024-10-08T08:45:09.447Z" globalInstanceId="A1EF85519FF84D70D6CEE63264356338" msg="RPXE0001W Engine STOP wait for finalizers done  completed=10 poolsize=10" severity="50" version="1.0.1">
	<extendedDataElements name="CommonBaseEventLogRecord:level" type="noValue">
		<children name="CommonBaseEventLogRecord:name" type="string">
			<values>SEVERE</values>
		</children>
		<children name="CommonBaseEventLogRecord:value" type="int">
			<values>1000</values>
		</children>
	</extendedDataElements>
	<extendedDataElements name="CommonBaseEventLogRecord:sequenceNumber" type="long">
		<values>30</values>
	</extendedDataElements>
	<extendedDataElements name="CommonBaseEventLogRecord:threadID" type="int">
		<values>49</values>
	</extendedDataElements>
	<extendedDataElements name="CommonBaseEventLogRecord:loggerName" type="string">
		<values>com.ibm.rational.test.lt.core.logging.PDExecutionLog</values>
	</extendedDataElements>
	<sourceComponentId application="DevOps Test Performance" component="Performance Test Type" componentIdType="Application" executionEnvironment="Java" location="10.30.4.13" locationType="IPV4" subComponent="com.ibm.rational.test.lt.kernel_6.1.0" componentType="Hyades Data Collection Engine Application"/>
	<situation categoryName="ReportSituation">
		<situationType xmlns:xsi="http://www.w3.org/2001/XMLSchema-instance" xsi:type="ReportSituation" reasoningScope="INTERNAL" reportCategory="LOG"/>
	</situation>
</CommonBaseEvent>
<CommonBaseEvent creationTime="2024-10-08T08:45:10.531Z" globalInstanceId="A1EF8551A09DB530D6CEE63264356338" msg="RPXE0001W Virtual User Stop Statistics" severity="50" version="1.0.1">
	<extendedDataElements name="CommonBaseEventLogRecord:level" type="noValue">
		<children name="CommonBaseEventLogRecord:name" type="string">
			<values>SEVERE</values>
		</children>
		<children name="CommonBaseEventLogRecord:value" type="int">
			<values>1000</values>
		</children>
	</extendedDataElements>
	<extendedDataElements name="CommonBaseEventLogRecord:sequenceNumber" type="long">
		<values>31</values>
	</extendedDataElements>
	<extendedDataElements name="CommonBaseEventLogRecord:threadID" type="int">
		<values>49</values>
	</extendedDataElements>
	<extendedDataElements name="CommonBaseEventLogRecord:loggerName" type="string">
		<values>com.ibm.rational.test.lt.core.logging.PDExecutionLog</values>
	</extendedDataElements>
	<sourceComponentId application="DevOps Test Performance" component="Performance Test Type" componentIdType="Application" executionEnvironment="Java" location="10.30.4.13" locationType="IPV4" subComponent="com.ibm.rational.test.lt.kernel_6.1.0" componentType="Hyades Data Collection Engine Application"/>
	<situation categoryName="ReportSituation">
		<situationType xmlns:xsi="http://www.w3.org/2001/XMLSchema-instance" xsi:type="ReportSituation" reasoningScope="INTERNAL" reportCategory="LOG"/>
	</situation>
</CommonBaseEvent>
<CommonBaseEvent creationTime="2024-10-08T08:45:10.531Z" globalInstanceId="A1EF8551A09E0350D6CEE63264356338" msg="RPXE0001W Stop reason Unknown:  1 users" severity="50" version="1.0.1">
	<extendedDataElements name="CommonBaseEventLogRecord:level" type="noValue">
		<children name="CommonBaseEventLogRecord:name" type="string">
			<values>SEVERE</values>
		</children>
		<children name="CommonBaseEventLogRecord:value" type="int">
			<values>1000</values>
		</children>
	</extendedDataElements>
	<extendedDataElements name="CommonBaseEventLogRecord:sequenceNumber" type="long">
		<values>32</values>
	</extendedDataElements>
	<extendedDataElements name="CommonBaseEventLogRecord:threadID" type="int">
		<values>49</values>
	</extendedDataElements>
	<extendedDataElements name="CommonBaseEventLogRecord:loggerName" type="string">
		<values>com.ibm.rational.test.lt.core.logging.PDExecutionLog</values>
	</extendedDataElements>
	<sourceComponentId application="DevOps Test Performance" component="Performance Test Type" componentIdType="Application" executionEnvironment="Java" location="10.30.4.13" locationType="IPV4" subComponent="com.ibm.rational.test.lt.kernel_6.1.0" componentType="Hyades Data Collection Engine Application"/>
	<situation categoryName="ReportSituation">
		<situationType xmlns:xsi="http://www.w3.org/2001/XMLSchema-instance" xsi:type="ReportSituation" reasoningScope="INTERNAL" reportCategory="LOG"/>
	</situation>
</CommonBaseEvent>
<CommonBaseEvent creationTime="2024-10-08T08:45:10.531Z" globalInstanceId="A1EF8551A09E0351D6CEE63264356338" msg="RPXE0001W    [DefaultUserGroup][000001] stopped at 156355" severity="50" version="1.0.1">
	<extendedDataElements name="CommonBaseEventLogRecord:level" type="noValue">
		<children name="CommonBaseEventLogRecord:name" type="string">
			<values>SEVERE</values>
		</children>
		<children name="CommonBaseEventLogRecord:value" type="int">
			<values>1000</values>
		</children>
	</extendedDataElements>
	<extendedDataElements name="CommonBaseEventLogRecord:sequenceNumber" type="long">
		<values>33</values>
	</extendedDataElements>
	<extendedDataElements name="CommonBaseEventLogRecord:threadID" type="int">
		<values>49</values>
	</extendedDataElements>
	<extendedDataElements name="CommonBaseEventLogRecord:loggerName" type="string">
		<values>com.ibm.rational.test.lt.core.logging.PDExecutionLog</values>
	</extendedDataElements>
	<sourceComponentId application="DevOps Test Performance" component="Performance Test Type" componentIdType="Application" executionEnvironment="Java" location="10.30.4.13" locationType="IPV4" subComponent="com.ibm.rational.test.lt.kernel_6.1.0" componentType="Hyades Data Collection Engine Application"/>
	<situation categoryName="ReportSituation">
		<situationType xmlns:xsi="http://www.w3.org/2001/XMLSchema-instance" xsi:type="ReportSituation" reasoningScope="INTERNAL" reportCategory="LOG"/>
	</situation>
</CommonBaseEvent>
<CommonBaseEvent creationTime="2024-10-08T08:45:17.315Z" globalInstanceId="A1EF8551A4A8DD30D6CEE63264356338" msg="RPXE0001W *** Runner process finished normally ***   &lt;main&gt;" severity="50" version="1.0.1">
	<extendedDataElements name="CommonBaseEventLogRecord:level" type="noValue">
		<children name="CommonBaseEventLogRecord:name" type="string">
			<values>SEVERE</values>
		</children>
		<children name="CommonBaseEventLogRecord:value" type="int">
			<values>1000</values>
		</children>
	</extendedDataElements>
	<extendedDataElements name="CommonBaseEventLogRecord:sequenceNumber" type="long">
		<values>34</values>
	</extendedDataElements>
	<extendedDataElements name="CommonBaseEventLogRecord:threadID" type="int">
		<values>49</values>
	</extendedDataElements>
	<extendedDataElements name="CommonBaseEventLogRecord:loggerName" type="string">
		<values>com.ibm.rational.test.lt.core.logging.PDExecutionLog</values>
	</extendedDataElements>
	<sourceComponentId application="DevOps Test Performance" component="Performance Test Type" componentIdType="Application" executionEnvironment="Java" location="10.30.4.13" locationType="IPV4" subComponent="com.ibm.rational.test.lt.kernel_6.1.0" componentType="Hyades Data Collection Engine Application"/>
	<situation categoryName="ReportSituation">
		<situationType xmlns:xsi="http://www.w3.org/2001/XMLSchema-instance" xsi:type="ReportSituation" reasoningScope="INTERNAL" reportCategory="LOG"/>
	</situation>
</CommonBaseEvent>
